#
# There is insufficient memory for the Java Runtime Environment to continue.
# Native memory allocation (malloc) failed to allocate 6681616 bytes for Chunk::new
# Possible reasons:
#   The system is out of physical RAM or swap space
# Possible solutions:
#   Reduce memory load on the system
#   Increase physical memory or swap space
#   Check if swap backing store is full
#   Decrease Java heap size (-Xmx/-Xms)
#   Decrease number of Java threads
#   Decrease Java thread stack sizes (-Xss)
#   Set larger code cache with -XX:ReservedCodeCacheSize=
# This output file may be truncated or incomplete.
#
#  Out of Memory Error (arena.cpp:168), pid=16776, tid=3192
#
# JRE version: Java(TM) SE Runtime Environment (21.0.5+9) (build 21.0.5+9-LTS-239)
# Java VM: Java HotSpot(TM) 64-Bit Server VM (21.0.5+9-LTS-239, mixed mode, sharing, tiered, compressed class ptrs, z gc, windows-amd64)
# No core dump will be written. Minidumps are not enabled by default on client versions of Windows
#

---------------  S U M M A R Y ------------

Command Line: -Xss4m -Xms100m -Dmetals.client=vscode -Xmx2G -XX:+UseZGC -XX:ZUncommitDelay=30 -XX:ZCollectionInterval=5 -XX:+IgnoreUnrecognizedVMOptions scala.meta.metals.Main

Host: Intel(R) Core(TM) i7-10750H CPU @ 2.60GHz, 12 cores, 15G,  Windows 11 , 64 bit Build 26100 (10.0.26100.3323)
Time: Thu Mar 27 20:33:15 2025 FLE Standard Time elapsed time: 15.410186 seconds (0d 0h 0m 15s)

---------------  T H R E A D  ---------------

Current thread (0x000002a30ed4a8a0):  JavaThread "C2 CompilerThread2" daemon [_thread_in_native, id=3192, stack(0x000000a961400000,0x000000a961500000) (1024K)]


Current CompileTask:
C2:  15410 10025       4       scala.meta.internal.metals.Fuzzy::bloomFilterSymbolStrings (325 bytes)

Stack: [0x000000a961400000,0x000000a961500000]
Native frames: (J=compiled Java code, j=interpreted, Vv=VM code, C=native code)
V  [jvm.dll+0x6ca289]
V  [jvm.dll+0x854a51]
V  [jvm.dll+0x856f7e]
V  [jvm.dll+0x857653]
V  [jvm.dll+0x27dd26]
V  [jvm.dll+0xc4c2d]
V  [jvm.dll+0xc5163]
V  [jvm.dll+0x889786]
V  [jvm.dll+0x6cf6aa]
V  [jvm.dll+0x246cdd]
V  [jvm.dll+0x245eef]
V  [jvm.dll+0x1c6d0e]
V  [jvm.dll+0x2554d9]
V  [jvm.dll+0x253a6a]
V  [jvm.dll+0x3ee136]
V  [jvm.dll+0x7fee9b]
V  [jvm.dll+0x6c896d]
C  [ucrtbase.dll+0x37b0]
C  [KERNEL32.DLL+0x2e8d7]
C  [ntdll.dll+0xbbf6c]


---------------  P R O C E S S  ---------------

Threads class SMR info:
_java_thread_list=0x000002a313847bf0, length=54, elements={
0x000002a0ac25f320, 0x000002a0ae0953a0, 0x000002a0ae095a00, 0x000002a0ae0eacc0,
0x000002a0ae0edea0, 0x000002a0ae0ed810, 0x000002a0ae0ef8e0, 0x000002a0ae0f22f0,
0x000002a0ae0fa490, 0x000002a0ae0eff70, 0x000002a0ae0ef250, 0x000002a0ae0ee530,
0x000002a0ae0f0600, 0x000002a0ae0eebc0, 0x000002a30ee8f6b0, 0x000002a30ee8fd40,
0x000002a30ee924a0, 0x000002a30ee903d0, 0x000002a30ee91e10, 0x000002a30ee91780,
0x000002a30ee93850, 0x000002a30ee92b30, 0x000002a30ee931c0, 0x000002a30ee910f0,
0x000002a30ee93ee0, 0x000002a30ee90a60, 0x000002a310021990, 0x000002a30ed4a8a0,
0x000002a30ee96640, 0x000002a30ee94c00, 0x000002a30ee95290, 0x000002a30ee95fb0,
0x000002a31297a5f0, 0x000002a31297c030, 0x000002a31297ac80, 0x000002a31297b310,
0x000002a312979240, 0x000002a31297b9a0, 0x000002a30fe594d0, 0x000002a30fe59b60,
0x000002a30fe5a1f0, 0x000002a30fe5a880, 0x000002a30fe5af10, 0x000002a30fe5c2c0,
0x000002a30fe58e40, 0x000002a30fe5cfe0, 0x000002a30fe5d670, 0x000002a30fe5fdd0,
0x000002a30fe5e390, 0x000002a30fe5dd00, 0x000002a30fe5ea20, 0x000002a30fe5b5a0,
0x000002a30fe5f0b0, 0x000002a3126fa030
}

Java Threads: ( => current thread )
  0x000002a0ac25f320 JavaThread "main"                              [_thread_blocked, id=16528, stack(0x000000a959e00000,0x000000a95a200000) (4096K)]
  0x000002a0ae0953a0 JavaThread "Reference Handler"          daemon [_thread_blocked, id=13140, stack(0x000000a95b400000,0x000000a95b800000) (4096K)]
  0x000002a0ae095a00 JavaThread "Finalizer"                  daemon [_thread_blocked, id=16928, stack(0x000000a95b800000,0x000000a95bc00000) (4096K)]
  0x000002a0ae0eacc0 JavaThread "Signal Dispatcher"          daemon [_thread_blocked, id=3768, stack(0x000000a95bc00000,0x000000a95c000000) (4096K)]
  0x000002a0ae0edea0 JavaThread "Attach Listener"            daemon [_thread_blocked, id=12228, stack(0x000000a95c000000,0x000000a95c400000) (4096K)]
  0x000002a0ae0ed810 JavaThread "Service Thread"             daemon [_thread_blocked, id=4672, stack(0x000000a95c400000,0x000000a95c800000) (4096K)]
  0x000002a0ae0ef8e0 JavaThread "Monitor Deflation Thread"   daemon [_thread_blocked, id=18996, stack(0x000000a95c800000,0x000000a95cc00000) (4096K)]
  0x000002a0ae0f22f0 JavaThread "C2 CompilerThread0"         daemon [_thread_blocked, id=1820, stack(0x000000a95cc00000,0x000000a95cd00000) (1024K)]
  0x000002a0ae0fa490 JavaThread "C1 CompilerThread0"         daemon [_thread_blocked, id=21060, stack(0x000000a95cd00000,0x000000a95ce00000) (1024K)]
  0x000002a0ae0eff70 JavaThread "Notification Thread"        daemon [_thread_blocked, id=19952, stack(0x000000a95ce00000,0x000000a95d200000) (4096K)]
  0x000002a0ae0ef250 JavaThread "Common-Cleaner"             daemon [_thread_blocked, id=19000, stack(0x000000a95d200000,0x000000a95d600000) (4096K)]
  0x000002a0ae0ee530 JavaThread "pool-1-thread-1"                   [_thread_in_native, id=17236, stack(0x000000a95d700000,0x000000a95db00000) (4096K)]
  0x000002a0ae0f0600 JavaThread "scala-execution-context-global-34" daemon [_thread_blocked, id=19484, stack(0x000000a95db00000,0x000000a95df00000) (4096K)]
  0x000002a0ae0eebc0 JavaThread "coursier-pool-1-thread-1"   daemon [_thread_blocked, id=15744, stack(0x000000a95df00000,0x000000a95e300000) (4096K)]
  0x000002a30ee8f6b0 JavaThread "coursier-pool-1-thread-2"   daemon [_thread_blocked, id=8820, stack(0x000000a95e300000,0x000000a95e700000) (4096K)]
  0x000002a30ee8fd40 JavaThread "coursier-pool-1-thread-3"   daemon [_thread_blocked, id=2336, stack(0x000000a95e700000,0x000000a95eb00000) (4096K)]
  0x000002a30ee924a0 JavaThread "coursier-pool-1-thread-4"   daemon [_thread_blocked, id=18412, stack(0x000000a95eb00000,0x000000a95ef00000) (4096K)]
  0x000002a30ee903d0 JavaThread "coursier-pool-1-thread-5"   daemon [_thread_blocked, id=12184, stack(0x000000a95ef00000,0x000000a95f300000) (4096K)]
  0x000002a30ee91e10 JavaThread "coursier-pool-1-thread-6"   daemon [_thread_blocked, id=18368, stack(0x000000a95f300000,0x000000a95f700000) (4096K)]
  0x000002a30ee91780 JavaThread "pool-1-thread-2"                   [_thread_blocked, id=1996, stack(0x000000a95f700000,0x000000a95fb00000) (4096K)]
  0x000002a30ee93850 JavaThread "pool-1-thread-3"                   [_thread_blocked, id=5028, stack(0x000000a95fb00000,0x000000a95ff00000) (4096K)]
  0x000002a30ee92b30 JavaThread "ForkJoinPool.commonPool-worker-1" daemon [_thread_blocked, id=9236, stack(0x000000a95ff00000,0x000000a960300000) (4096K)]
  0x000002a30ee931c0 JavaThread "pool-2-thread-1"                   [_thread_blocked, id=17640, stack(0x000000a960300000,0x000000a960700000) (4096K)]
  0x000002a30ee910f0 JavaThread "H2 File Lock Watchdog C:/ohjelmointi/Scala/scalaapi/.metals/metals.lock.db" daemon [_thread_blocked, id=11916, stack(0x000000a960700000,0x000000a960b00000) (4096K)]
  0x000002a30ee93ee0 JavaThread "H2 TCP Server (tcp://localhost:57402)" daemon [_thread_in_native, id=18300, stack(0x000000a960b00000,0x000000a960f00000) (4096K)]
  0x000002a30ee90a60 JavaThread "MVStore background writer C:/ohjelmointi/Scala/scalaapi/.metals/metals.mv.db" daemon [_thread_blocked, id=228, stack(0x000000a960f00000,0x000000a961300000) (4096K)]
  0x000002a310021990 JavaThread "C2 CompilerThread1"         daemon [_thread_blocked, id=19156, stack(0x000000a961300000,0x000000a961400000) (1024K)]
=>0x000002a30ed4a8a0 JavaThread "C2 CompilerThread2"         daemon [_thread_in_native, id=3192, stack(0x000000a961400000,0x000000a961500000) (1024K)]
  0x000002a30ee96640 JavaThread "H2-serialization"           daemon [_thread_blocked, id=8916, stack(0x000000a961500000,0x000000a961900000) (4096K)]
  0x000002a30ee94c00 JavaThread "H2-save"                    daemon [_thread_blocked, id=15860, stack(0x000000a961900000,0x000000a961d00000) (4096K)]
  0x000002a30ee95290 JavaThread "pool-1-thread-4"                   [_thread_in_native, id=16224, stack(0x000000a961d00000,0x000000a962100000) (4096K)]
  0x000002a30ee95fb0 JavaThread "pool-1-thread-5"                   [_thread_in_native, id=17264, stack(0x000000a962100000,0x000000a962500000) (4096K)]
  0x000002a31297a5f0 JavaThread "pool-1-thread-6"                   [_thread_in_native, id=16688, stack(0x000000a962500000,0x000000a962900000) (4096K)]
  0x000002a31297c030 JavaThread "pool-1-thread-7"                   [_thread_blocked, id=17068, stack(0x000000a962900000,0x000000a962d00000) (4096K)]
  0x000002a31297ac80 JavaThread "pool-1-thread-8"                   [_thread_blocked, id=1868, stack(0x000000a962d00000,0x000000a963100000) (4096K)]
  0x000002a31297b310 JavaThread "pool-1-thread-9"                   [_thread_in_native, id=14304, stack(0x000000a963100000,0x000000a963500000) (4096K)]
  0x000002a312979240 JavaThread "bloop-rifle-nailgun-out"    daemon [_thread_in_native, id=19612, stack(0x000000a963d00000,0x000000a964100000) (4096K)]
  0x000002a31297b9a0 JavaThread "snailgun-heartbeat"         daemon [_thread_blocked, id=17260, stack(0x000000a964100000,0x000000a964500000) (4096K)]
  0x000002a30fe594d0 JavaThread "pool-6-thread-1"                   [_thread_blocked, id=10160, stack(0x000000a963900000,0x000000a963d00000) (4096K)]
  0x000002a30fe59b60 JavaThread "bloop-rifle-nailgun-out"    daemon [_thread_in_native, id=14780, stack(0x000000a964500000,0x000000a964900000) (4096K)]
  0x000002a30fe5a1f0 JavaThread "bloop-rifle-nailgun-out"    daemon [_thread_in_native, id=11820, stack(0x000000a964900000,0x000000a964d00000) (4096K)]
  0x000002a30fe5a880 JavaThread "snailgun-heartbeat"         daemon [_thread_blocked, id=11760, stack(0x000000a964d00000,0x000000a965100000) (4096K)]
  0x000002a30fe5af10 JavaThread "snailgun-heartbeat"         daemon [_thread_blocked, id=10184, stack(0x000000a965100000,0x000000a965500000) (4096K)]
  0x000002a30fe5c2c0 JavaThread "pool-1-thread-10"                  [_thread_blocked, id=16372, stack(0x000000a965500000,0x000000a965900000) (4096K)]
  0x000002a30fe58e40 JavaThread "pool-1-thread-11"                  [_thread_blocked, id=16640, stack(0x000000a965900000,0x000000a965d00000) (4096K)]
  0x000002a30fe5cfe0 JavaThread "pool-1-thread-12"                  [_thread_blocked, id=7944, stack(0x000000a965d00000,0x000000a966100000) (4096K)]
  0x000002a30fe5d670 JavaThread "pool-1-thread-13"                  [_thread_blocked, id=8904, stack(0x000000a966100000,0x000000a966500000) (4096K)]
  0x000002a30fe5fdd0 JavaThread "pool-1-thread-14"                  [_thread_blocked, id=9060, stack(0x000000a966500000,0x000000a966900000) (4096K)]
  0x000002a30fe5e390 JavaThread "FileSystemWatchService"     daemon [_thread_in_native, id=6884, stack(0x000000a966900000,0x000000a966d00000) (4096K)]
  0x000002a30fe5dd00 JavaThread "NioPathWatcher-loop-thread-1" daemon [_thread_blocked, id=14332, stack(0x000000a966d00000,0x000000a967100000) (4096K)]
  0x000002a30fe5ea20 JavaThread "FileSystemWatchService"     daemon [_thread_in_native, id=15904, stack(0x000000a967100000,0x000000a967500000) (4096K)]
  0x000002a30fe5b5a0 JavaThread "NioPathWatcher-loop-thread-2" daemon [_thread_blocked, id=18852, stack(0x000000a967500000,0x000000a967900000) (4096K)]
  0x000002a30fe5f0b0 JavaThread "com.swoval.files.SymlinkWatcher.callback-executor-1"        [_thread_blocked, id=13568, stack(0x000000a967900000,0x000000a967d00000) (4096K)]
  0x000002a3126fa030 JavaThread "metals-watch-callback-thread"        [_thread_blocked, id=9048, stack(0x000000a967d00000,0x000000a968100000) (4096K)]
Total: 54

Other Threads:
  0x000002a0ae67b070 VMThread "VM Thread"                           [id=14768, stack(0x000000a95b300000,0x000000a95b400000) (1024K)]
  0x000002a0ae659bf0 WatcherThread "VM Periodic Task Thread"        [id=16072, stack(0x000000a95b200000,0x000000a95b300000) (1024K)]
  0x000002a0ae62c9a0 ConcurrentGCThread "XDirector"                 [id=20860, stack(0x000000a95a800000,0x000000a95a900000) (1024K)]
  0x000002a0ae62bf40 ConcurrentGCThread "XDriver"                   [id=9864, stack(0x000000a95a700000,0x000000a95a800000) (1024K)]
  0x000002a0ae62e0b0 ConcurrentGCThread "XStat"                     [id=10496, stack(0x000000a95a900000,0x000000a95aa00000) (1024K)]
  0x000002a0ae6232e0 ConcurrentGCThread "XUnmapper"                 [id=15864, stack(0x000000a95a500000,0x000000a95a600000) (1024K)]
  0x000002a0ae623e20 ConcurrentGCThread "XUncommitter"              [id=17800, stack(0x000000a95a600000,0x000000a95a700000) (1024K)]
  0x000002a0ae60a200 WorkerThread "XWorker#0"                       [id=21208, stack(0x000000a95a200000,0x000000a95a300000) (1024K)]
  0x000002a0ae60a8f0 WorkerThread "XWorker#1"                       [id=11764, stack(0x000000a95a300000,0x000000a95a400000) (1024K)]
  0x000002a0ae60b3d0 WorkerThread "XWorker#2"                       [id=13272, stack(0x000000a95a400000,0x000000a95a500000) (1024K)]
  0x000002a0ae62fac0 WorkerThread "RuntimeWorker#0"                 [id=21024, stack(0x000000a95aa00000,0x000000a95ab00000) (1024K)]
  0x000002a0ae631070 WorkerThread "RuntimeWorker#1"                 [id=18980, stack(0x000000a95ab00000,0x000000a95ac00000) (1024K)]
  0x000002a0ae63c920 WorkerThread "RuntimeWorker#2"                 [id=6888, stack(0x000000a95ac00000,0x000000a95ad00000) (1024K)]
  0x000002a0ae63f1b0 WorkerThread "RuntimeWorker#3"                 [id=19136, stack(0x000000a95ad00000,0x000000a95ae00000) (1024K)]
  0x000002a0ae641960 WorkerThread "RuntimeWorker#4"                 [id=21384, stack(0x000000a95ae00000,0x000000a95af00000) (1024K)]
  0x000002a0ae6420f0 WorkerThread "RuntimeWorker#5"                 [id=21064, stack(0x000000a95af00000,0x000000a95b000000) (1024K)]
  0x000002a0ae643090 WorkerThread "RuntimeWorker#6"                 [id=16180, stack(0x000000a95b000000,0x000000a95b100000) (1024K)]
  0x000002a0ae643820 WorkerThread "RuntimeWorker#7"                 [id=12476, stack(0x000000a95b100000,0x000000a95b200000) (1024K)]
Total: 18

Threads with active compile tasks:
C2 CompilerThread2    15444 10025       4       scala.meta.internal.metals.Fuzzy::bloomFilterSymbolStrings (325 bytes)
Total: 1

VM state: not at safepoint (normal execution)

VM Mutex/Monitor currently owned by a thread: None

CDS archive(s) mapped at: [0x000002a2c8000000-0x000002a2c8c90000-0x000002a2c8c90000), size 13172736, SharedBaseAddress: 0x000002a2c8000000, ArchiveRelocationMode: 1.
Compressed class space mapped at: 0x000002a2c9000000-0x000002a309000000, reserved size: 1073741824
Narrow klass base: 0x000002a2c8000000, Narrow klass shift: 0, Narrow klass range: 0x100000000

GC Precious Log:
 NUMA Support: Disabled
 CPUs: 12 total, 12 available
 Memory: 16092M
 Large Page Support: Disabled
 GC Workers: 3 (dynamic)
 Address Space Type: Contiguous/Unrestricted/Complete
 Address Space Size: 32768M x 3 = 98304M
 Min Capacity: 100M
 Initial Capacity: 100M
 Max Capacity: 2048M
 Medium Page Size: 32M
 Pre-touch: Disabled
 Uncommit: Enabled
 Uncommit Delay: 30s
 Runtime Workers: 8

ZGC Globals:
 GlobalPhase:       2 (Relocate)
 GlobalSeqNum:      6
 Offset Max:        4096G (0x0000040000000000)
 Page Size Small:   2M
 Page Size Medium:  32M

ZGC Metadata Bits:
 Good:              0x0000100000000000
 Bad:               0x00002c0000000000
 WeakBad:           0x00000c0000000000
 Marked:            0x0000080000000000
 Remapped:          0x0000100000000000

Heap:
 ZHeap           used 366M, capacity 724M, max capacity 2048M
 Metaspace       used 107168K, committed 107904K, reserved 1179648K
  class space    used 13053K, committed 13376K, reserved 1048576K

ZGC Page Table:
 Small   0x0000000000400000 0x00000000005f1890 0x0000000000600000  Relocatable
 Small   0x0000000000c00000 0x0000000000d823e0 0x0000000000e00000  Relocatable
 Small   0x0000000001c00000 0x0000000001e00000 0x0000000001e00000  Allocating
 Small   0x0000000002000000 0x0000000002200000 0x0000000002200000  Allocating
 Small   0x0000000002800000 0x0000000002a00000 0x0000000002a00000  Allocating
 Small   0x0000000003a00000 0x0000000003c00000 0x0000000003c00000  Relocatable
 Small   0x0000000004200000 0x00000000043fffe0 0x0000000004400000  Relocatable
 Small   0x0000000004600000 0x0000000004800000 0x0000000004800000  Allocating
 Small   0x0000000004800000 0x0000000004a00000 0x0000000004a00000  Allocating
 Small   0x0000000004e00000 0x0000000005000000 0x0000000005000000  Allocating
 Small   0x0000000005000000 0x00000000051e2240 0x0000000005200000  Relocatable
 Small   0x0000000005400000 0x0000000005600000 0x0000000005600000  Allocating
 Small   0x0000000005800000 0x000000000599cb88 0x0000000005a00000  Relocatable
 Small   0x0000000006000000 0x0000000006200000 0x0000000006200000  Allocating
 Small   0x0000000006a00000 0x0000000006b47e90 0x0000000006c00000  Allocating
 Small   0x0000000007200000 0x0000000007381300 0x0000000007400000  Allocating
 Small   0x0000000007400000 0x0000000007600000 0x0000000007600000  Allocating
 Small   0x0000000007600000 0x0000000007800000 0x0000000007800000  Allocating
 Small   0x0000000007c00000 0x0000000007dfffc8 0x0000000007e00000  Relocatable
 Small   0x0000000007e00000 0x0000000007ffb8f8 0x0000000008000000  Relocatable
 Small   0x0000000008000000 0x0000000008200000 0x0000000008200000  Relocatable
 Small   0x0000000008200000 0x0000000008400000 0x0000000008400000  Allocating
 Small   0x0000000008800000 0x00000000089ff938 0x0000000008a00000  Relocatable
 Small   0x0000000008c00000 0x0000000008e00000 0x0000000008e00000  Allocating
 Small   0x0000000008e00000 0x0000000009000000 0x0000000009000000  Allocating
 Small   0x0000000009000000 0x0000000009200000 0x0000000009200000  Allocating
 Small   0x0000000009400000 0x0000000009540000 0x0000000009600000  Allocating
 Small   0x000000000a200000 0x000000000a400000 0x000000000a400000  Allocating
 Small   0x000000000a600000 0x000000000a7fffb0 0x000000000a800000  Relocatable
 Small   0x000000000b800000 0x000000000b870980 0x000000000ba00000  Allocating
 Small   0x000000000ba00000 0x000000000bc00000 0x000000000bc00000  Allocating
 Small   0x000000000cc00000 0x000000000ce00000 0x000000000ce00000  Allocating
 Small   0x000000000d000000 0x000000000d200000 0x000000000d200000  Allocating
 Small   0x000000000d200000 0x000000000d400000 0x000000000d400000  Allocating
 Small   0x000000000da00000 0x000000000dc00000 0x000000000dc00000  Allocating
 Small   0x000000000dc00000 0x000000000de00000 0x000000000de00000  Allocating
 Small   0x000000000e200000 0x000000000e400000 0x000000000e400000  Allocating
 Small   0x000000000ec00000 0x000000000ee00000 0x000000000ee00000  Allocating
 Small   0x000000000f000000 0x000000000f1fff88 0x000000000f200000  Relocatable
 Small   0x000000000f200000 0x000000000f400000 0x000000000f400000  Allocating
 Small   0x000000000f600000 0x000000000f6c0000 0x000000000f800000  Allocating
 Small   0x0000000010000000 0x0000000010200000 0x0000000010200000  Allocating
 Small   0x0000000010a00000 0x0000000010bf87d8 0x0000000010c00000  Relocatable
 Small   0x0000000010c00000 0x0000000010dffff0 0x0000000010e00000  Relocatable
 Small   0x0000000012000000 0x0000000012200000 0x0000000012200000  Allocating
 Small   0x0000000012e00000 0x0000000012e40000 0x0000000013000000  Allocating
 Small   0x0000000013400000 0x00000000135ffff0 0x0000000013600000  Allocating
 Small   0x0000000013800000 0x0000000013a00000 0x0000000013a00000  Allocating
 Small   0x0000000013a00000 0x0000000013c00000 0x0000000013c00000  Allocating
 Small   0x0000000014800000 0x0000000014a00000 0x0000000014a00000  Allocating
 Small   0x0000000015800000 0x00000000159fffe8 0x0000000015a00000  Relocatable
 Small   0x0000000015a00000 0x0000000015c00000 0x0000000015c00000  Allocating
 Small   0x0000000015c00000 0x0000000015dfffe8 0x0000000015e00000  Relocatable
 Small   0x0000000016000000 0x0000000016200000 0x0000000016200000  Allocating
 Small   0x0000000016800000 0x0000000016a00000 0x0000000016a00000  Allocating
 Small   0x0000000016a00000 0x0000000016c00000 0x0000000016c00000  Relocatable
 Small   0x0000000016e00000 0x0000000017000000 0x0000000017000000  Allocating
 Small   0x0000000017000000 0x0000000017200000 0x0000000017200000  Allocating
 Small   0x0000000017200000 0x0000000017400000 0x0000000017400000  Allocating
 Small   0x0000000017400000 0x0000000017600000 0x0000000017600000  Allocating
 Small   0x0000000017600000 0x00000000177ffd78 0x0000000017800000  Allocating
 Small   0x0000000017a00000 0x0000000017c00000 0x0000000017c00000  Allocating
 Small   0x0000000018200000 0x0000000018400000 0x0000000018400000  Allocating
 Small   0x0000000018600000 0x0000000018800000 0x0000000018800000  Allocating
 Small   0x0000000018e00000 0x0000000019000000 0x0000000019000000  Allocating
 Small   0x0000000019200000 0x0000000019400000 0x0000000019400000  Allocating
 Small   0x0000000019600000 0x0000000019800000 0x0000000019800000  Allocating
 Small   0x0000000019800000 0x0000000019a00000 0x0000000019a00000  Allocating
 Small   0x0000000019a00000 0x0000000019c00000 0x0000000019c00000  Allocating
 Small   0x0000000019e00000 0x000000001a000000 0x000000001a000000  Allocating
 Small   0x000000001a200000 0x000000001a400000 0x000000001a400000  Allocating
 Small   0x000000001a400000 0x000000001a600000 0x000000001a600000  Allocating
 Small   0x000000001a800000 0x000000001aa00000 0x000000001aa00000  Allocating
 Small   0x000000001aa00000 0x000000001ac00000 0x000000001ac00000  Allocating
 Small   0x000000001ae00000 0x000000001b000000 0x000000001b000000  Allocating
 Small   0x000000001b000000 0x000000001b200000 0x000000001b200000  Allocating
 Small   0x000000001b200000 0x000000001b400000 0x000000001b400000  Allocating
 Small   0x000000001b400000 0x000000001b600000 0x000000001b600000  Allocating
 Small   0x000000001ba00000 0x000000001bc00000 0x000000001bc00000  Allocating
 Small   0x000000001be00000 0x000000001c000000 0x000000001c000000  Allocating
 Small   0x000000001c000000 0x000000001c200000 0x000000001c200000  Allocating
 Small   0x000000001c400000 0x000000001c600000 0x000000001c600000  Allocating
 Small   0x000000001ca00000 0x000000001cc00000 0x000000001cc00000  Allocating
 Small   0x000000001cc00000 0x000000001cd40000 0x000000001ce00000  Allocating
 Small   0x000000001ce00000 0x000000001d000000 0x000000001d000000  Allocating
 Small   0x000000001d000000 0x000000001d200000 0x000000001d200000  Allocating
 Small   0x000000001d200000 0x000000001d3c0000 0x000000001d400000  Allocating
 Small   0x000000001d400000 0x000000001d600000 0x000000001d600000  Allocating
 Small   0x000000001d600000 0x000000001d800000 0x000000001d800000  Allocating
 Small   0x000000001d800000 0x000000001da00000 0x000000001da00000  Allocating
 Small   0x000000001da00000 0x000000001dc00000 0x000000001dc00000  Allocating
 Small   0x000000001dc00000 0x000000001de00000 0x000000001de00000  Allocating
 Small   0x000000001de00000 0x000000001e000000 0x000000001e000000  Allocating
 Small   0x000000001e000000 0x000000001e200000 0x000000001e200000  Allocating
 Small   0x000000001e200000 0x000000001e400000 0x000000001e400000  Allocating
 Small   0x000000001e400000 0x000000001e600000 0x000000001e600000  Allocating
 Small   0x000000001e600000 0x000000001e640000 0x000000001e800000  Allocating
 Small   0x000000001e800000 0x000000001ea00000 0x000000001ea00000  Allocating
 Small   0x000000001ea00000 0x000000001ec00000 0x000000001ec00000  Allocating
 Small   0x000000001ec00000 0x000000001ee00000 0x000000001ee00000  Allocating
 Small   0x000000001ee00000 0x000000001f000000 0x000000001f000000  Allocating
 Small   0x000000001f000000 0x000000001f200000 0x000000001f200000  Allocating
 Small   0x000000001f200000 0x000000001f400000 0x000000001f400000  Allocating
 Small   0x000000001f400000 0x000000001f600000 0x000000001f600000  Allocating
 Small   0x000000001f600000 0x000000001f800000 0x000000001f800000  Allocating
 Small   0x000000001f800000 0x000000001fa00000 0x000000001fa00000  Allocating
 Small   0x000000001fa00000 0x000000001fc00000 0x000000001fc00000  Allocating
 Small   0x000000001fc00000 0x000000001fe00000 0x000000001fe00000  Allocating
 Small   0x000000001fe00000 0x0000000020000000 0x0000000020000000  Allocating
 Small   0x0000000020000000 0x0000000020200000 0x0000000020200000  Allocating
 Small   0x0000000020200000 0x0000000020400000 0x0000000020400000  Allocating
 Small   0x0000000020400000 0x0000000020600000 0x0000000020600000  Allocating
 Small   0x0000000020600000 0x0000000020800000 0x0000000020800000  Allocating
 Small   0x0000000020800000 0x0000000020a00000 0x0000000020a00000  Allocating
 Small   0x0000000020a00000 0x0000000020bfffd0 0x0000000020c00000  Allocating
 Small   0x0000000020c00000 0x0000000020e00000 0x0000000020e00000  Allocating
 Small   0x0000000020e00000 0x0000000021000000 0x0000000021000000  Allocating
 Small   0x0000000021000000 0x0000000021200000 0x0000000021200000  Allocating
 Small   0x0000000021200000 0x0000000021400000 0x0000000021400000  Allocating
 Small   0x0000000021400000 0x0000000021600000 0x0000000021600000  Allocating
 Small   0x0000000021600000 0x0000000021800000 0x0000000021800000  Allocating
 Small   0x0000000021800000 0x0000000021a00000 0x0000000021a00000  Allocating
 Small   0x0000000021a00000 0x0000000021c00000 0x0000000021c00000  Allocating
 Small   0x0000000021c00000 0x0000000021e00000 0x0000000021e00000  Allocating
 Small   0x0000000021e00000 0x0000000022000000 0x0000000022000000  Allocating
 Small   0x0000000022000000 0x0000000022180000 0x0000000022200000  Allocating
 Small   0x0000000022200000 0x0000000022400000 0x0000000022400000  Allocating
 Small   0x0000000022400000 0x0000000022600000 0x0000000022600000  Allocating
 Small   0x0000000022600000 0x0000000022800000 0x0000000022800000  Allocating
 Small   0x0000000022800000 0x0000000022a00000 0x0000000022a00000  Allocating
 Small   0x0000000022a00000 0x0000000022bfffb8 0x0000000022c00000  Allocating
 Small   0x0000000022c00000 0x0000000022c40160 0x0000000022e00000  Allocating
 Small   0x0000000022e00000 0x0000000023000000 0x0000000023000000  Allocating
 Small   0x0000000023000000 0x00000000230ff198 0x0000000023200000  Allocating
 Small   0x0000000023200000 0x0000000023400000 0x0000000023400000  Allocating
 Small   0x0000000023400000 0x0000000023600000 0x0000000023600000  Allocating
 Small   0x0000000023600000 0x0000000023640000 0x0000000023800000  Allocating
 Small   0x0000000023800000 0x0000000023a00000 0x0000000023a00000  Allocating
 Small   0x0000000023a00000 0x0000000023c00000 0x0000000023c00000  Allocating
 Small   0x0000000023c00000 0x0000000023e00000 0x0000000023e00000  Allocating
 Small   0x0000000023e00000 0x0000000024000000 0x0000000024000000  Allocating
 Small   0x0000000024000000 0x0000000024200000 0x0000000024200000  Allocating
 Small   0x0000000024200000 0x0000000024400000 0x0000000024400000  Allocating
 Small   0x0000000024400000 0x0000000024600000 0x0000000024600000  Allocating
 Small   0x0000000024600000 0x0000000024800000 0x0000000024800000  Allocating
 Small   0x0000000024800000 0x0000000024a00000 0x0000000024a00000  Allocating
 Small   0x0000000024a00000 0x0000000024c00000 0x0000000024c00000  Allocating
 Small   0x0000000024c00000 0x0000000024e00000 0x0000000024e00000  Allocating
 Small   0x0000000024e00000 0x0000000024ec0000 0x0000000025000000  Allocating
 Small   0x0000000025000000 0x0000000025200000 0x0000000025200000  Allocating
 Small   0x0000000025200000 0x0000000025400000 0x0000000025400000  Allocating
 Medium  0x00000007fc000000 0x00000007fc89a000 0x00000007fe000000  Allocating
 Medium  0x00000007fe000000 0x00000007fe000000 0x0000000800000000  Allocating

XBarrierSet

Polling page: 0x000002a0adcd0000

Metaspace:

Usage:
  Non-class:     91.91 MB used.
      Class:     12.75 MB used.
       Both:    104.66 MB used.

Virtual space:
  Non-class space:      128.00 MB reserved,      92.31 MB ( 72%) committed,  2 nodes.
      Class space:        1.00 GB reserved,      13.06 MB (  1%) committed,  1 nodes.
             Both:        1.12 GB reserved,     105.38 MB (  9%) committed. 

Chunk freelists:
   Non-Class:  3.56 MB
       Class:  2.95 MB
        Both:  6.52 MB

MaxMetaspaceSize: unlimited
CompressedClassSpaceSize: 1.00 GB
Initial GC threshold: 21.00 MB
Current GC threshold: 169.50 MB
CDS: on
 - commit_granule_bytes: 65536.
 - commit_granule_words: 8192.
 - virtual_space_node_default_size: 8388608.
 - enlarge_chunks_in_place: 1.
 - use_allocation_guard: 0.


Internal statistics:

num_allocs_failed_limit: 3.
num_arena_births: 996.
num_arena_deaths: 0.
num_vsnodes_births: 3.
num_vsnodes_deaths: 0.
num_space_committed: 1675.
num_space_uncommitted: 0.
num_chunks_returned_to_freelist: 3.
num_chunks_taken_from_freelist: 5532.
num_chunk_merges: 2.
num_chunk_splits: 3604.
num_chunks_enlarged: 2305.
num_inconsistent_stats: 0.

CodeHeap 'non-profiled nmethods': size=120000Kb used=4902Kb max_used=4902Kb free=115097Kb
 bounds [0x000002a0be520000, 0x000002a0be9f0000, 0x000002a0c5a50000]
CodeHeap 'profiled nmethods': size=120000Kb used=14516Kb max_used=14516Kb free=105483Kb
 bounds [0x000002a0b6a50000, 0x000002a0b7880000, 0x000002a0bdf80000]
CodeHeap 'non-nmethods': size=5760Kb used=1763Kb max_used=1847Kb free=3996Kb
 bounds [0x000002a0bdf80000, 0x000002a0be1f0000, 0x000002a0be520000]
 total_blobs=9824 nmethods=8897 adapters=829
 compilation: enabled
              stopped_count=0, restarted_count=0
 full_count=0

Compilation events (20 events):
Event: 14.338 Thread 0x000002a0ae0fa490 nmethod 10198 0x000002a0b7869310 code [0x000002a0b7869500, 0x000002a0b7869af0]
Event: 14.338 Thread 0x000002a0ae0fa490 10199       3       java.nio.file.spi.FileSystemProvider::followLinks (66 bytes)
Event: 14.339 Thread 0x000002a0ae0fa490 nmethod 10199 0x000002a0b7869d10 code [0x000002a0b7869ee0, 0x000002a0b786a308]
Event: 14.404 Thread 0x000002a0ae0f22f0 10200       4       sun.nio.fs.NativeBuffers::releaseNativeBuffer (97 bytes)
Event: 14.419 Thread 0x000002a310021990 10201       4       java.util.Properties::getProperty (50 bytes)
Event: 14.444 Thread 0x000002a0ae0fa490 10202       3       scala.collection.mutable.ArrayBuffer$$anon$1::<init> (16 bytes)
Event: 14.446 Thread 0x000002a0ae0fa490 nmethod 10202 0x000002a0b786a490 code [0x000002a0b786a680, 0x000002a0b786abe8]
Event: 14.449 Thread 0x000002a0ae0fa490 10203       3       scala.collection.mutable.GrowableBuilder::result (5 bytes)
Event: 14.449 Thread 0x000002a0ae0fa490 nmethod 10203 0x000002a0b786ae10 code [0x000002a0b786afa0, 0x000002a0b786b248]
Event: 14.461 Thread 0x000002a0ae0fa490 10204   !   3       java.net.URI::create (23 bytes)
Event: 14.462 Thread 0x000002a0ae0fa490 nmethod 10204 0x000002a0b786b310 code [0x000002a0b786b500, 0x000002a0b786ba78]
Event: 14.462 Thread 0x000002a0ae0fa490 10206       3       scala.meta.internal.mtags.ScalametaCommonEnrichments$XtensionAbsolutePath::dealias (41 bytes)
Event: 14.463 Thread 0x000002a0ae0fa490 nmethod 10206 0x000002a0b786bd10 code [0x000002a0b786c120, 0x000002a0b786e1a8]
Event: 14.469 Thread 0x000002a0ae0fa490 10207       3       scala.meta.internal.mtags.URIEncoderDecoder$::encode (19 bytes)
Event: 14.470 Thread 0x000002a0ae0fa490 nmethod 10207 0x000002a0b786ea90 code [0x000002a0b786ec60, 0x000002a0b786efa0]
Event: 14.470 Thread 0x000002a0ae0fa490 10208       3       scala.meta.internal.mtags.MtagsEnrichments$::XtensionURIMtags (6 bytes)
Event: 14.470 Thread 0x000002a0ae0fa490 nmethod 10208 0x000002a0b786f110 code [0x000002a0b786f2c0, 0x000002a0b786f5c8]
Event: 14.470 Thread 0x000002a0ae0fa490 10209       3       scala.meta.internal.mtags.MtagsEnrichments::XtensionURIMtags$ (6 bytes)
Event: 14.470 Thread 0x000002a0ae0fa490 nmethod 10209 0x000002a0b786f710 code [0x000002a0b786f8c0, 0x000002a0b786fbe0]
Event: 14.471 Thread 0x000002a0ae0fa490 10210       3       sun.nio.fs.WindowsPath::toRealPath (6 bytes)

GC Heap History (10 events):
Event: 3.236 GC heap before
{Heap before GC invocations=0 (full 0):
 ZHeap           used 114M, capacity 114M, max capacity 2048M
 Metaspace       used 21340K, committed 21568K, reserved 1114112K
  class space    used 2368K, committed 2432K, reserved 1048576K
}
Event: 3.280 GC heap after
{Heap after GC invocations=1 (full 1):
 ZHeap           used 60M, capacity 130M, max capacity 2048M
 Metaspace       used 21616K, committed 21824K, reserved 1114112K
  class space    used 2412K, committed 2496K, reserved 1048576K
}
Event: 5.221 GC heap before
{Heap before GC invocations=1 (full 1):
 ZHeap           used 114M, capacity 130M, max capacity 2048M
 Metaspace       used 35989K, committed 36352K, reserved 1114112K
  class space    used 4264K, committed 4416K, reserved 1048576K
}
Event: 5.275 GC heap after
{Heap after GC invocations=2 (full 2):
 ZHeap           used 56M, capacity 130M, max capacity 2048M
 Metaspace       used 36069K, committed 36416K, reserved 1114112K
  class space    used 4268K, committed 4416K, reserved 1048576K
}
Event: 8.769 GC heap before
{Heap before GC invocations=2 (full 2):
 ZHeap           used 210M, capacity 210M, max capacity 2048M
 Metaspace       used 59964K, committed 60480K, reserved 1114112K
  class space    used 7180K, committed 7424K, reserved 1048576K
}
Event: 8.853 GC heap after
{Heap after GC invocations=3 (full 3):
 ZHeap           used 80M, capacity 256M, max capacity 2048M
 Metaspace       used 60376K, committed 60928K, reserved 1114112K
  class space    used 7292K, committed 7552K, reserved 1048576K
}
Event: 10.669 GC heap before
{Heap before GC invocations=3 (full 3):
 ZHeap           used 422M, capacity 422M, max capacity 2048M
 Metaspace       used 81902K, committed 82496K, reserved 1179648K
  class space    used 9838K, committed 10048K, reserved 1048576K
}
Event: 10.818 GC heap after
{Heap after GC invocations=4 (full 4):
 ZHeap           used 130M, capacity 508M, max capacity 2048M
 Metaspace       used 82777K, committed 83456K, reserved 1179648K
  class space    used 9961K, committed 10240K, reserved 1048576K
}
Event: 12.869 GC heap before
{Heap before GC invocations=4 (full 4):
 ZHeap           used 630M, capacity 630M, max capacity 2048M
 Metaspace       used 102773K, committed 103488K, reserved 1179648K
  class space    used 12410K, committed 12736K, reserved 1048576K
}
Event: 13.018 GC heap after
{Heap after GC invocations=5 (full 5):
 ZHeap           used 152M, capacity 724M, max capacity 2048M
 Metaspace       used 103405K, committed 104128K, reserved 1179648K
  class space    used 12526K, committed 12864K, reserved 1048576K
}

Dll operation events (15 events):
Event: 0.010 Loaded shared library C:\Program Files\Java\jdk-21\bin\java.dll
Event: 0.012 Loaded shared library KernelBase
Event: 0.072 Loaded shared library C:\Program Files\Java\jdk-21\bin\jsvml.dll
Event: 0.224 Loaded shared library C:\Program Files\Java\jdk-21\bin\net.dll
Event: 0.226 Loaded shared library C:\Program Files\Java\jdk-21\bin\nio.dll
Event: 0.235 Loaded shared library C:\Program Files\Java\jdk-21\bin\zip.dll
Event: 0.990 Loaded shared library C:\Program Files\Java\jdk-21\bin\jimage.dll
Event: 3.172 Loaded shared library C:\Users\Vres\AppData\Local\Temp\csjniutils-0.3.312336414937872645324.dll
Event: 3.184 Loaded shared library C:\Users\Vres\AppData\Local\Temp\csjniutils-0.3.31262567344689325307.dll
Event: 3.414 Loaded shared library C:\Users\Vres\AppData\Local\Temp\csjniutils-0.3.3953984249669125802.dll
Event: 5.289 Loaded shared library C:\Program Files\Java\jdk-21\bin\extnet.dll
Event: 9.200 Loaded shared library C:\Program Files\Java\jdk-21\bin\sunmscapi.dll
Event: 9.256 Loaded shared library C:\Program Files\Java\jdk-21\bin\management.dll
Event: 9.263 Loaded shared library C:\Program Files\Java\jdk-21\bin\management_ext.dll
Event: 13.228 Loaded shared library C:\Users\Vres\AppData\Local\Temp\swoval-jni\1512123794540919981-swoval-files0.dll

Deoptimization events (20 events):
Event: 13.940 Thread 0x000002a31297ac80 DEOPT PACKING pc=0x000002a0b77ac390 sp=0x000000a9630fe230
Event: 13.940 Thread 0x000002a31297ac80 DEOPT UNPACKING pc=0x000002a0bdfd4742 sp=0x000000a9630fd7a8 mode 0
Event: 13.971 Thread 0x000002a31297ac80 DEOPT PACKING pc=0x000002a0b77a7f69 sp=0x000000a9630fe5f0
Event: 13.971 Thread 0x000002a31297ac80 DEOPT UNPACKING pc=0x000002a0bdfd4742 sp=0x000000a9630fdbb0 mode 0
Event: 14.045 Thread 0x000002a312979f60 Uncommon trap: trap_request=0xffffff45 fr.pc=0x000002a0be7b9e0c relative=0x00000000000002cc
Event: 14.045 Thread 0x000002a312979f60 Uncommon trap: reason=unstable_if action=reinterpret pc=0x000002a0be7b9e0c method=java.util.regex.Matcher.reset()Ljava/util/regex/Matcher; @ 71 c2
Event: 14.045 Thread 0x000002a312979f60 DEOPT PACKING pc=0x000002a0be7b9e0c sp=0x000000a9638fd130
Event: 14.045 Thread 0x000002a312979f60 DEOPT UNPACKING pc=0x000002a0bdfd3fa2 sp=0x000000a9638fd0b8 mode 2
Event: 14.045 Thread 0x000002a312979f60 Uncommon trap: trap_request=0xffffff45 fr.pc=0x000002a0be9406e0 relative=0x00000000000002a0
Event: 14.045 Thread 0x000002a312979f60 Uncommon trap: reason=unstable_if action=reinterpret pc=0x000002a0be9406e0 method=java.util.regex.Matcher.match(II)Z @ 76 c2
Event: 14.045 Thread 0x000002a312979f60 DEOPT PACKING pc=0x000002a0be9406e0 sp=0x000000a9638fd140
Event: 14.045 Thread 0x000002a312979f60 DEOPT UNPACKING pc=0x000002a0bdfd3fa2 sp=0x000000a9638fd0c8 mode 2
Event: 14.113 Thread 0x000002a30fe5fdd0 Uncommon trap: trap_request=0xffffffd6 fr.pc=0x000002a0be918e7c relative=0x0000000000000fdc
Event: 14.113 Thread 0x000002a30fe5fdd0 Uncommon trap: reason=array_check action=maybe_recompile pc=0x000002a0be918e7c method=com.google.gson.internal.$Gson$Types$ParameterizedTypeImpl.<init>(Ljava/lang/reflect/Type;Ljava/lang/Class;[Ljava/lang/reflect/Type;)V @ 136 c2
Event: 14.115 Thread 0x000002a30fe5fdd0 DEOPT PACKING pc=0x000002a0be918e7c sp=0x000000a9668fe650
Event: 14.115 Thread 0x000002a30fe5fdd0 DEOPT UNPACKING pc=0x000002a0bdfd3fa2 sp=0x000000a9668fe5b0 mode 2
Event: 14.198 Thread 0x000002a30ee95fb0 DEOPT PACKING pc=0x000002a0b6f78e9a sp=0x000000a9624fd670
Event: 14.198 Thread 0x000002a30ee95fb0 DEOPT UNPACKING pc=0x000002a0bdfd4742 sp=0x000000a9624fcb78 mode 0
Event: 14.461 Thread 0x000002a30ee95fb0 DEOPT PACKING pc=0x000002a0b6f78e9a sp=0x000000a9624fd710
Event: 14.461 Thread 0x000002a30ee95fb0 DEOPT UNPACKING pc=0x000002a0bdfd4742 sp=0x000000a9624fcc18 mode 0

Classes loaded (20 events):
Event: 13.174 Loading class java/nio/file/NotDirectoryException
Event: 13.174 Loading class java/nio/file/NotDirectoryException done
Event: 13.186 Loading class java/nio/file/TempFileHelper
Event: 13.186 Loading class java/nio/file/TempFileHelper done
Event: 13.237 Loading class java/nio/file/WatchEvent$Modifier
Event: 13.237 Loading class java/nio/file/WatchEvent$Modifier done
Event: 13.237 Loading class sun/nio/fs/AbstractPoller$RequestType
Event: 13.237 Loading class sun/nio/fs/AbstractPoller$RequestType done
Event: 13.246 Loading class sun/nio/fs/AbstractPoller$Request
Event: 13.249 Loading class sun/nio/fs/AbstractPoller$Request done
Event: 13.305 Loading class sun/nio/fs/WindowsWatchService$FileKey
Event: 13.311 Loading class sun/nio/fs/WindowsWatchService$FileKey done
Event: 13.312 Loading class sun/nio/fs/WindowsWatchService$WindowsWatchKey
Event: 13.312 Loading class sun/nio/fs/WindowsWatchService$WindowsWatchKey done
Event: 13.600 Loading class java/nio/file/Path$1
Event: 13.601 Loading class java/nio/file/Path$1 done
Event: 13.816 Loading class java/util/zip/Deflater
Event: 13.817 Loading class java/util/zip/Deflater done
Event: 13.818 Loading class java/util/zip/Deflater$DeflaterZStreamRef
Event: 13.818 Loading class java/util/zip/Deflater$DeflaterZStreamRef done

Classes unloaded (0 events):
No events

Classes redefined (0 events):
No events

Internal exceptions (20 events):
Event: 13.778 Thread 0x000002a30ee95fb0 Exception <a 'sun/nio/fs/WindowsException'{0x000010001b366790}> (0x000010001b366790) 
thrown [s\open\src\hotspot\share\prims\jni.cpp, line 520]
Event: 13.781 Thread 0x000002a30ee95fb0 Exception <a 'sun/nio/fs/WindowsException'{0x000010001b38e8a0}> (0x000010001b38e8a0) 
thrown [s\open\src\hotspot\share\prims\jni.cpp, line 520]
Event: 13.781 Thread 0x000002a30ee95fb0 Exception <a 'sun/nio/fs/WindowsException'{0x000010001b38fbd8}> (0x000010001b38fbd8) 
thrown [s\open\src\hotspot\share\prims\jni.cpp, line 520]
Event: 13.834 Thread 0x000002a30ee95fb0 Exception <a 'sun/nio/fs/WindowsException'{0x000010001c440310}> (0x000010001c440310) 
thrown [s\open\src\hotspot\share\prims\jni.cpp, line 520]
Event: 13.835 Thread 0x000002a30ee95fb0 Exception <a 'sun/nio/fs/WindowsException'{0x000010001c441350}> (0x000010001c441350) 
thrown [s\open\src\hotspot\share\prims\jni.cpp, line 520]
Event: 13.841 Thread 0x000002a30ee95fb0 Exception <a 'sun/nio/fs/WindowsException'{0x000010001c48a2f8}> (0x000010001c48a2f8) 
thrown [s\open\src\hotspot\share\prims\jni.cpp, line 520]
Event: 13.842 Thread 0x000002a30ee95fb0 Exception <a 'sun/nio/fs/WindowsException'{0x000010001c48b8b0}> (0x000010001c48b8b0) 
thrown [s\open\src\hotspot\share\prims\jni.cpp, line 520]
Event: 13.854 Thread 0x000002a30ee95fb0 Exception <a 'sun/nio/fs/WindowsException'{0x000010001c49d7e0}> (0x000010001c49d7e0) 
thrown [s\open\src\hotspot\share\prims\jni.cpp, line 520]
Event: 13.854 Thread 0x000002a30ee95fb0 Exception <a 'sun/nio/fs/WindowsException'{0x000010001c49eb88}> (0x000010001c49eb88) 
thrown [s\open\src\hotspot\share\prims\jni.cpp, line 520]
Event: 13.857 Thread 0x000002a30ee95fb0 Exception <a 'sun/nio/fs/WindowsException'{0x000010001c4c7c28}> (0x000010001c4c7c28) 
thrown [s\open\src\hotspot\share\prims\jni.cpp, line 520]
Event: 13.891 Thread 0x000002a30ee95fb0 Exception <a 'sun/nio/fs/WindowsException'{0x000010001c5a3300}> (0x000010001c5a3300) 
thrown [s\open\src\hotspot\share\prims\jni.cpp, line 520]
Event: 13.895 Thread 0x000002a30ee95fb0 Exception <a 'sun/nio/fs/WindowsException'{0x000010001c5f0dc0}> (0x000010001c5f0dc0) 
thrown [s\open\src\hotspot\share\prims\jni.cpp, line 520]
Event: 13.896 Thread 0x000002a30ee95fb0 Exception <a 'sun/nio/fs/WindowsException'{0x000010001c5f1bd8}> (0x000010001c5f1bd8) 
thrown [s\open\src\hotspot\share\prims\jni.cpp, line 520]
Event: 13.910 Thread 0x000002a30ee95fb0 Exception <a 'sun/nio/fs/WindowsException'{0x000010001f8ac2f0}> (0x000010001f8ac2f0) 
thrown [s\open\src\hotspot\share\prims\jni.cpp, line 520]
Event: 13.910 Thread 0x000002a30ee95fb0 Exception <a 'sun/nio/fs/WindowsException'{0x000010001f8ad568}> (0x000010001f8ad568) 
thrown [s\open\src\hotspot\share\prims\jni.cpp, line 520]
Event: 13.915 Thread 0x000002a30ee95fb0 Exception <a 'sun/nio/fs/WindowsException'{0x000010001f8fc530}> (0x000010001f8fc530) 
thrown [s\open\src\hotspot\share\prims\jni.cpp, line 520]
Event: 13.915 Thread 0x000002a30ee95fb0 Exception <a 'sun/nio/fs/WindowsException'{0x000010001f8fd908}> (0x000010001f8fd908) 
thrown [s\open\src\hotspot\share\prims\jni.cpp, line 520]
Event: 13.917 Thread 0x000002a30ee95fb0 Exception <a 'sun/nio/fs/WindowsException'{0x000010001f91a8b8}> (0x000010001f91a8b8) 
thrown [s\open\src\hotspot\share\prims\jni.cpp, line 520]
Event: 13.917 Thread 0x000002a30ee95fb0 Exception <a 'sun/nio/fs/WindowsException'{0x000010001f91bc78}> (0x000010001f91bc78) 
thrown [s\open\src\hotspot\share\prims\jni.cpp, line 520]
Event: 13.927 Thread 0x000002a30ee95fb0 Exception <a 'sun/nio/fs/WindowsException'{0x000010001f96ca80}> (0x000010001f96ca80) 
thrown [s\open\src\hotspot\share\prims\jni.cpp, line 520]

ZGC Phase Switch (0 events):
No events

VM Operations (20 events):
Event: 12.965 Executing VM operation: HandshakeAllThreads (XMarkFlushAndFreeStacks)
Event: 12.965 Executing VM operation: HandshakeAllThreads (XMarkFlushAndFreeStacks) done
Event: 12.967 Executing VM operation: XMarkEnd
Event: 12.967 Executing VM operation: XMarkEnd done
Event: 12.980 Executing VM operation: HandshakeAllThreads (XRendezvous)
Event: 12.980 Executing VM operation: HandshakeAllThreads (XRendezvous) done
Event: 12.982 Executing VM operation: CleanClassLoaderDataMetaspaces
Event: 12.988 Executing VM operation: CleanClassLoaderDataMetaspaces done
Event: 12.991 Executing VM operation: XRelocateStart
Event: 12.993 Executing VM operation: XRelocateStart done
Event: 13.163 Executing VM operation: HandshakeAllThreads (Deoptimize)
Event: 13.171 Executing VM operation: HandshakeAllThreads (Deoptimize) done
Event: 13.414 Executing VM operation: ICBufferFull
Event: 13.414 Executing VM operation: ICBufferFull done
Event: 13.472 Executing VM operation: HandshakeAllThreads (Deoptimize)
Event: 13.473 Executing VM operation: HandshakeAllThreads (Deoptimize) done
Event: 13.593 Executing VM operation: HandshakeAllThreads (Deoptimize)
Event: 13.593 Executing VM operation: HandshakeAllThreads (Deoptimize) done
Event: 14.010 Executing VM operation: ICBufferFull
Event: 14.010 Executing VM operation: ICBufferFull done

Events (20 events):
Event: 12.981 Thread 0x000002a0ae62bf40 flushing nmethod 0x000002a0b6c53190
Event: 12.981 Thread 0x000002a0ae62bf40 flushing nmethod 0x000002a0b6f0e710
Event: 12.981 Thread 0x000002a0ae62bf40 flushing nmethod 0x000002a0be846f90
Event: 12.981 Thread 0x000002a0ae62bf40 flushing nmethod 0x000002a0b7372990
Event: 12.981 Thread 0x000002a0ae62bf40 flushing nmethod 0x000002a0b7479c90
Event: 12.981 Thread 0x000002a0ae62bf40 flushing nmethod 0x000002a0b6cc3510
Event: 12.981 Thread 0x000002a0ae62bf40 flushing nmethod 0x000002a0b73b5790
Event: 12.981 Thread 0x000002a0ae62bf40 flushing nmethod 0x000002a0b74c8f90
Event: 12.981 Thread 0x000002a0ae62bf40 flushing nmethod 0x000002a0be89d490
Event: 12.981 Thread 0x000002a0ae62bf40 flushing nmethod 0x000002a0b6fd6410
Event: 12.981 Thread 0x000002a0ae62bf40 flushing nmethod 0x000002a0b709f210
Event: 13.108 Thread 0x000002a30fe5e390 Thread added: 0x000002a30fe5e390
Event: 13.136 Thread 0x000002a30fe5dd00 Thread added: 0x000002a30fe5dd00
Event: 13.141 Thread 0x000002a30fe5ea20 Thread added: 0x000002a30fe5ea20
Event: 13.142 Thread 0x000002a30fe5b5a0 Thread added: 0x000002a30fe5b5a0
Event: 13.150 Thread 0x000002a30fe5f0b0 Thread added: 0x000002a30fe5f0b0
Event: 13.229 Thread 0x000002a312321210 Thread added: 0x000002a312321210
Event: 13.389 Thread 0x000002a312321210 Thread exited: 0x000002a312321210
Event: 13.933 Thread 0x000002a3126fa030 Thread added: 0x000002a3126fa030
Event: 14.058 Thread 0x000002a312979f60 Thread exited: 0x000002a312979f60


Dynamic libraries:
0x00007ff6f5610000 - 0x00007ff6f5620000 	C:\Program Files\Java\jdk-21\bin\java.exe
0x00007fffab7e0000 - 0x00007fffaba43000 	C:\WINDOWS\SYSTEM32\ntdll.dll
0x00007fffab290000 - 0x00007fffab357000 	C:\WINDOWS\System32\KERNEL32.DLL
0x00007fffa8cf0000 - 0x00007fffa90b9000 	C:\WINDOWS\System32\KERNELBASE.dll
0x00007fffa90c0000 - 0x00007fffa920c000 	C:\WINDOWS\System32\ucrtbase.dll
0x00007fff89e00000 - 0x00007fff89e1b000 	C:\Program Files\Java\jdk-21\bin\VCRUNTIME140.dll
0x00007fff89140000 - 0x00007fff89159000 	C:\Program Files\Java\jdk-21\bin\jli.dll
0x00007fffab6e0000 - 0x00007fffab792000 	C:\WINDOWS\System32\ADVAPI32.dll
0x00007fffa9b90000 - 0x00007fffa9c39000 	C:\WINDOWS\System32\msvcrt.dll
0x00007fffab630000 - 0x00007fffab6d6000 	C:\WINDOWS\System32\sechost.dll
0x00007fffa9a70000 - 0x00007fffa9b86000 	C:\WINDOWS\System32\RPCRT4.dll
0x00007fffab460000 - 0x00007fffab62a000 	C:\WINDOWS\System32\USER32.dll
0x00007fff88510000 - 0x00007fff887a0000 	C:\WINDOWS\WinSxS\amd64_microsoft.windows.common-controls_6595b64144ccf1df_6.0.26100.3323_none_3e088096e3344490\COMCTL32.dll
0x00007fffa8b50000 - 0x00007fffa8b77000 	C:\WINDOWS\System32\win32u.dll
0x00007fffa9db0000 - 0x00007fffa9dda000 	C:\WINDOWS\System32\GDI32.dll
0x00007fffa9210000 - 0x00007fffa9341000 	C:\WINDOWS\System32\gdi32full.dll
0x00007fffa8c40000 - 0x00007fffa8ce3000 	C:\WINDOWS\System32\msvcp_win.dll
0x00007fffa1080000 - 0x00007fffa108b000 	C:\WINDOWS\SYSTEM32\VERSION.dll
0x00007fffaad00000 - 0x00007fffaad2f000 	C:\WINDOWS\System32\IMM32.DLL
0x00007fff91ea0000 - 0x00007fff91eac000 	C:\Program Files\Java\jdk-21\bin\vcruntime140_1.dll
0x00007fff5fad0000 - 0x00007fff5fb5e000 	C:\Program Files\Java\jdk-21\bin\msvcp140.dll
0x00007fff1a470000 - 0x00007fff1b188000 	C:\Program Files\Java\jdk-21\bin\server\jvm.dll
0x00007fffaa070000 - 0x00007fffaa0e4000 	C:\WINDOWS\System32\WS2_32.dll
0x00007fffa8170000 - 0x00007fffa81be000 	C:\WINDOWS\SYSTEM32\POWRPROF.dll
0x00007fff92c00000 - 0x00007fff92c36000 	C:\WINDOWS\SYSTEM32\WINMM.dll
0x00007fffa8150000 - 0x00007fffa8164000 	C:\WINDOWS\SYSTEM32\UMPDC.dll
0x00007fffa77c0000 - 0x00007fffa77da000 	C:\WINDOWS\SYSTEM32\kernel.appcore.dll
0x00007fff91e60000 - 0x00007fff91e6a000 	C:\Program Files\Java\jdk-21\bin\jimage.dll
0x00007fffa6400000 - 0x00007fffa6641000 	C:\WINDOWS\SYSTEM32\DBGHELP.DLL
0x00007fffaa1a0000 - 0x00007fffaa522000 	C:\WINDOWS\System32\combase.dll
0x00007fffab370000 - 0x00007fffab446000 	C:\WINDOWS\System32\OLEAUT32.dll
0x00007fff91e20000 - 0x00007fff91e59000 	C:\WINDOWS\SYSTEM32\dbgcore.DLL
0x00007fffa9560000 - 0x00007fffa95f9000 	C:\WINDOWS\System32\bcryptPrimitives.dll
0x00007fff89e50000 - 0x00007fff89e6f000 	C:\Program Files\Java\jdk-21\bin\java.dll
0x00007fffaa530000 - 0x00007fffaac45000 	C:\WINDOWS\System32\SHELL32.dll
0x00007fffa89e0000 - 0x00007fffa8b48000 	C:\WINDOWS\System32\wintypes.dll
0x00007fffa6680000 - 0x00007fffa6ec5000 	C:\WINDOWS\SYSTEM32\windows.storage.dll
0x00007fffa9f80000 - 0x00007fffaa06b000 	C:\WINDOWS\System32\SHCORE.dll
0x00007fffa9600000 - 0x00007fffa965d000 	C:\WINDOWS\System32\shlwapi.dll
0x00007fffa88f0000 - 0x00007fffa891f000 	C:\WINDOWS\SYSTEM32\profapi.dll
0x00007fff5f2e0000 - 0x00007fff5f3b7000 	C:\Program Files\Java\jdk-21\bin\jsvml.dll
0x00007fff90a70000 - 0x00007fff90a80000 	C:\Program Files\Java\jdk-21\bin\net.dll
0x00007fffa1870000 - 0x00007fffa198e000 	C:\WINDOWS\SYSTEM32\WINHTTP.dll
0x00007fffa7cc0000 - 0x00007fffa7d2a000 	C:\WINDOWS\system32\mswsock.dll
0x00007fff86ab0000 - 0x00007fff86ac6000 	C:\Program Files\Java\jdk-21\bin\nio.dll
0x00007fff85730000 - 0x00007fff85748000 	C:\Program Files\Java\jdk-21\bin\zip.dll
0x00007fffa80e0000 - 0x00007fffa80fc000 	C:\WINDOWS\SYSTEM32\CRYPTSP.dll
0x00007fffa7720000 - 0x00007fffa775a000 	C:\WINDOWS\system32\rsaenh.dll
0x00007fffa7d60000 - 0x00007fffa7d8b000 	C:\WINDOWS\SYSTEM32\USERENV.dll
0x00007fffa8310000 - 0x00007fffa8336000 	C:\WINDOWS\SYSTEM32\bcrypt.dll
0x00007fffa7ef0000 - 0x00007fffa7efc000 	C:\WINDOWS\SYSTEM32\CRYPTBASE.dll
0x00007fffa71e0000 - 0x00007fffa7213000 	C:\WINDOWS\SYSTEM32\IPHLPAPI.DLL
0x00007fffa9da0000 - 0x00007fffa9daa000 	C:\WINDOWS\System32\NSI.dll
0x00007fff82600000 - 0x00007fff82626000 	C:\Users\Vres\AppData\Local\Temp\csjniutils-0.3.312336414937872645324.dll
0x00007fffa9de0000 - 0x00007fffa9f75000 	C:\WINDOWS\System32\ole32.dll
0x00007fff82350000 - 0x00007fff82376000 	C:\Users\Vres\AppData\Local\Temp\csjniutils-0.3.31262567344689325307.dll
0x00007fff803b0000 - 0x00007fff803d6000 	C:\Users\Vres\AppData\Local\Temp\csjniutils-0.3.3953984249669125802.dll
0x00007fff90960000 - 0x00007fff90969000 	C:\Program Files\Java\jdk-21\bin\extnet.dll
0x00007fffa7270000 - 0x00007fffa7395000 	C:\WINDOWS\SYSTEM32\DNSAPI.dll
0x00007fffa19b0000 - 0x00007fffa19bb000 	C:\Windows\System32\rasadhlp.dll
0x00007fffa2d10000 - 0x00007fffa2d95000 	C:\WINDOWS\System32\fwpuclnt.dll
0x00007fff8e600000 - 0x00007fff8e60e000 	C:\Program Files\Java\jdk-21\bin\sunmscapi.dll
0x00007fffa93e0000 - 0x00007fffa9557000 	C:\WINDOWS\System32\CRYPT32.dll
0x00007fffa82d0000 - 0x00007fffa8300000 	C:\WINDOWS\SYSTEM32\ncrypt.dll
0x00007fffa8280000 - 0x00007fffa82bf000 	C:\WINDOWS\SYSTEM32\NTASN1.dll
0x00007fff741b0000 - 0x00007fff741b8000 	C:\WINDOWS\system32\wshunix.dll
0x00007fff900f0000 - 0x00007fff900fa000 	C:\Program Files\Java\jdk-21\bin\management.dll
0x00007fff8e6d0000 - 0x00007fff8e6db000 	C:\Program Files\Java\jdk-21\bin\management_ext.dll
0x00007fffab280000 - 0x00007fffab288000 	C:\WINDOWS\System32\PSAPI.DLL
0x00007fff4e150000 - 0x00007fff4e168000 	C:\WINDOWS\system32\napinsp.dll
0x00007fff4e130000 - 0x00007fff4e142000 	C:\WINDOWS\System32\winrnr.dll
0x00007fff8e7f0000 - 0x00007fff8e812000 	C:\WINDOWS\system32\nlansp_c.dll
0x00007fff72d90000 - 0x00007fff72da6000 	C:\WINDOWS\system32\wshbth.dll
0x000000006fd00000 - 0x000000006fd07000 	C:\Users\Vres\AppData\Local\Temp\swoval-jni\1512123794540919981-swoval-files0.dll

dbghelp: loaded successfully - version: 4.0.5 - missing functions: none
symbol engine: initialized successfully - sym options: 0x614 - pdb path: .;C:\Program Files\Java\jdk-21\bin;C:\WINDOWS\SYSTEM32;C:\WINDOWS\WinSxS\amd64_microsoft.windows.common-controls_6595b64144ccf1df_6.0.26100.3323_none_3e088096e3344490;C:\Program Files\Java\jdk-21\bin\server;C:\Users\Vres\AppData\Local\Temp;C:\Users\Vres\AppData\Local\Temp\swoval-jni

VM Arguments:
jvm_args: -Xss4m -Xms100m -Dmetals.client=vscode -Xmx2G -XX:+UseZGC -XX:ZUncommitDelay=30 -XX:ZCollectionInterval=5 -XX:+IgnoreUnrecognizedVMOptions 
java_command: scala.meta.metals.Main
java_class_path (initial): C:\Users\Vres\AppData\Local\Coursier\cache\v1\https\repo1.maven.org\maven2\org\scalameta\metals_2.13\1.5.2\metals_2.13-1.5.2.jar;C:\Users\Vres\AppData\Local\Coursier\cache\v1\https\repo1.maven.org\maven2\org\scala-lang\scala-library\2.13.16\scala-library-2.13.16.jar;C:\Users\Vres\AppData\Local\Coursier\cache\v1\https\repo1.maven.org\maven2\org\scalameta\mtags_2.13.16\1.5.2\mtags_2.13.16-1.5.2.jar;C:\Users\Vres\AppData\Local\Coursier\cache\v1\https\repo1.maven.org\maven2\org\scalameta\mtags-java_2.13\1.5.2\mtags-java_2.13-1.5.2.jar;C:\Users\Vres\AppData\Local\Coursier\cache\v1\https\repo1.maven.org\maven2\org\eclipse\jdt\org.eclipse.jdt.core\3.25.0\org.eclipse.jdt.core-3.25.0.jar;C:\Users\Vres\AppData\Local\Coursier\cache\v1\https\repo1.maven.org\maven2\org\eclipse\platform\org.eclipse.ant.core\3.5.500\org.eclipse.ant.core-3.5.500.jar;C:\Users\Vres\AppData\Local\Coursier\cache\v1\https\repo1.maven.org\maven2\org\eclipse\platform\org.eclipse.compare.core\3.6.600\org.eclipse.compare.core-3.6.600.jar;C:\Users\Vres\AppData\Local\Coursier\cache\v1\https\repo1.maven.org\maven2\org\eclipse\platform\org.eclipse.core.commands\3.9.500\org.eclipse.core.commands-3.9.500.jar;C:\Users\Vres\AppData\Local\Coursier\cache\v1\https\repo1.maven.org\maven2\org\eclipse\platform\org.eclipse.core.contenttype\3.7.500\org.eclipse.core.contenttype-3.7.500.jar;C:\Users\Vres\AppData\Local\Coursier\cache\v1\https\repo1.maven.org\maven2\org\eclipse\platform\org.eclipse.core.expressions\3.6.500\org.eclipse.core.expressions-3.6.500.jar;C:\Users\Vres\AppData\Local\Coursier\cache\v1\https\repo1.maven.org\maven2\org\eclipse\platform\org.eclipse.core.filesystem\1.7.500\org.eclipse.core.filesystem-1.7.500.jar;C:\Users\Vres\AppData\Local\Coursier\cache\v1\https\repo1.maven.org\maven2\org\eclipse\platform\org.eclipse.core.jobs\3.10.500\org.eclipse.core.jobs-3.10.500.jar;C:\Users\Vres\AppData\Local\Coursier\cache\v1\https\repo1.maven.org\maven2\org\eclipse\platform\org.eclipse.core.resources\3.13.500\org.eclipse.core.resources-3.13.500.jar;C:\Users\Vres\AppData\Local\Coursier\cache\v1\https\repo1.maven.org\maven2\org\eclipse\platform\org.eclipse.core.runtime\3.16.0\org.eclipse.core.runtime-3.16.0.jar;C:\Users\Vres\AppData\Local\Coursier\cache\v1\https\repo1.maven.org\maven2\org\eclipse\platform\org.eclipse.core.variables\3.4.600\org.eclipse.core.variables-3.4.600.jar;C:\Users\Vres\AppData\Local\Coursier\cache\v1\https\repo1.maven.org\maven2\org\eclipse\platform\org.eclipse.equinox.app\1.4.300\org.eclipse.equinox.app-1.4.300.jar;C:\Users\Vres\AppData\Local\Coursier\cache\v1\https\repo1.maven.org\maven2\org\eclipse\platform\org.eclipse.equinox.common\3.10.600\org.eclipse.equinox.common-3.10.600.jar;C:\Users\Vres\AppData\Local\Coursier\cache\v1\https\repo1.maven.org\maven2\org\eclipse\platform\org.eclipse.equinox.preferences\3.7.600\org.eclipse.equinox.preferences-3.7.600.jar;C:\Users\Vres\AppData\Local\Coursier\cache\v1\https\repo1.maven.org\maven2\org\eclipse\platform\org.eclipse.equinox.registry\3.8.600\org.eclipse.equinox.registry-3.8.600.jar;C:\Users\Vres\AppData\Local\Coursier\cache\v1\https\repo1.maven.org\maven2\org\eclipse\platform\org.eclipse.osgi\3.15.0\org.eclipse.osgi-3.15.0.jar;C:\Users\Vres\AppData\Local\Coursier\cache\v1\https\repo1.maven.org\maven2\org\eclipse\platform\org.eclipse.team.core\3.8.700\org.eclipse.team.core-3.8.700.jar;C:\Users\Vres\AppData\Local\Coursier\cache\v1\https\repo1.maven.org\maven2\org\eclipse\platform\org.eclipse.text\3.9.0\org.eclipse.text-3.9.0.jar;C:\Users\Vres\AppData\Local\Coursier\cache\v1\https\repo1.maven.org\maven2\com\google\guava\guava\33.4.5-jre\guava-33.4.5-jre.jar;C:\Users\Vres\AppData\Local\Coursier\cache\v1\https\repo1.maven.org\maven2\com\google\code\findbugs\jsr305\3.0.2\jsr305-3.0.2.jar;C:\Users\Vres\AppData\Local\Coursier\cache\v1\https\repo1.maven.org\maven2\org\scalameta\metaconfig-core_2.13\0.15.0\metaconfig-core_2.13-0.15.0.jar;C:\Users\Vres\AppData\Local\Coursier\cache\v1\https\repo1.maven.org\maven2\org\openjdk\jol\jol-core\0.17\jol-core-0.17.jar;C:\Users\Vres\AppData\Local\Coursier\cache\v1\https\repo1.maven.org\maven2\com\swoval\file-tree-views\2.1.12\file-tree-views-2.1.12.jar;C:\Users\Vres\AppData\Local\Coursier\cache\v1\https\repo1.maven.org\maven2\io\undertow\undertow-core\2.2.20.Final\undertow-core-2.2.20.Final.jar;C:\Users\Vres\AppData\Local\Coursier\cache\v1\https\repo1.maven.org\maven2\org\jboss\xnio\xnio-nio\3.8.16.Final\xnio-nio-3.8.16.Final.jar;C:\Users\Vres\AppData\Local\Coursier\cache\v1\https\repo1.maven.org\maven2\org\flywaydb\flyway-core\11.4.1\flyway-core-11.4.1.jar;C:\Users\Vres\AppData\Local\Coursier\cache\v1\https\repo1.maven.org\maven2\com\h2database\h2\2.3.232\h2-2.3.232.jar;C:\Users\Vres\AppData\Local\Coursier\cache\v1\https\repo1.maven.org\maven2\org\scala-sbt\ipcsocket\ipcsocket\1.6.3\ipcsocket-1.6.3.jar;C:\Users\Vres\AppData\Local\Coursier\cache\v1\https\repo1.maven.org\maven2\ch\epfl\scala\bsp4j\2.2.0-M2\bsp4j-2.2.0-M2.jar;C:\Users\Vres\AppData\Local\Coursier\cache\v1\https\repo1.maven.org\maven2\ch\epfl\scala\bloop-rifle_2.13\2.0.9\bloop-rifle_2.13-2.0.9.jar;C:\Users\Vres\AppData\Local\Coursier\cache\v1\https\repo1.maven.org\maven2\org\eclipse\lsp4j\org.eclipse.lsp4j\0.24.0\org.eclipse.lsp4j-0.24.0.jar;C:\Users\Vres\AppData\Local\Coursier\cache\v1\https\repo1.maven.org\maven2\org\eclipse\lsp4j\org.eclipse.lsp4j.debug\0.24.0\org.eclipse.lsp4j.debug-0.24.0.jar;C:\Users\Vres\AppData\Local\Coursier\cache\v1\https\repo1.maven.org\maven2\ch\epfl\scala\scala-debug-adapter_2.13\4.2.4\scala-debug-adapter_2.13-4.2.4.jar;C:\Users\Vres\AppData\Local\Coursier\cache\v1\https\repo1.maven.org\maven2\dev\dirs\directories\26\directories-26.jar;C:\Users\Vres\AppData\Local\Coursier\cache\v1\https\repo1.maven.org\maven2\org\scalameta\mdoc-interfaces\2.6.5\mdoc-interfaces-2.6.5.jar;C:\Users\Vres\AppData\Local\Coursier\cache\v1\https\repo1.maven.org\maven2\org\scalameta\scalafmt-dynamic_2.13\3.7.15\scalafmt-dynamic_2.13-3.7.15.jar;C:\Users\Vres\AppData\Local\Coursier\cache\v1\https\repo1.maven.org\maven2\ch\epfl\scala\scalafix-interfaces\0.14.2\scalafix-interfaces-0.14.2.jar;C:\Users\Vres\AppData\Local\Coursier\cache\v1\https\repo1.maven.org\maven2\io\get-coursier\interface\1.0.28\interface-1.0.28.jar;C:\Users\Vres\AppData\Local\Coursier\cache\v1\https\repo1.maven.org\maven2\io\get-coursier\coursier_2.13\2.1.24\coursier_2.13-2.1.24.jar;C:\Users\Vres\AppData\Local\Coursier\cache\v1\https\repo1.maven.org\maven2\io\get-coursier\coursier-sbt-maven-repository_2.13\2.1.24\coursier-sbt-maven-repository_2.13-2.1.24.jar;C:\Users\Vres\AppData\Local\Coursier\cache\v1\https\repo1.maven.org\maven2\com\outr\scribe_2.13\3.16.0\scribe_2.13-3.16.0.jar;C:\Users\Vres\AppData\Local\Coursier\cache\v1\https\repo1.maven.org\maven2\com\outr\scribe-file_2.13\3.16.0\scribe-file_2.13-3.16.0.jar;C:\Users\Vres\AppData\Local\Coursier\cache\v1\https\repo1.maven.org\maven2\com\outr\scribe-slf4j2_2.13\3.16.0\scribe-slf4j2_2.13-3.16.0.jar;C:\Users\Vres\AppData\Local\Coursier\cache\v1\https\repo1.maven.org\maven2\com\lihaoyi\ujson_2.13\4.1.0\ujson_2.13-4.1.0.jar;C:\Users\Vres\AppData\Local\Coursier\cache\v1\https\repo1.maven.org\maven2\com\lihaoyi\requests_2.13\0.9.0\requests_2.13-0.9.0.jar;C:\Users\Vres\AppData\Local\Coursier\cache\v1\https\repo1.maven.org\maven2\org\scalameta\scalameta_2.13\4.13.4\scalameta_2.13-4.13.4.jar;C:\Users\Vres\AppData\Local\Coursier\cache\v1\https\repo1.maven.org\maven2\org\scalameta\semanticdb-metap_2.13.16\4.13.4\semanticdb-metap_2.13.16-4.13.4.jar;C:\Users\Vres\AppData\Local\Coursier\cache\v1\https\repo1.maven.org\maven2\org\scalameta\semanticdb-shared_2.13\4.13.4\semanticdb-shared_2.13-4.13.4.jar;C:\Users\Vres\AppData\Local\Coursier\cache\v1\https\repo1.maven.org\maven2\org\scala-lang\modules\scala-xml_2.13\2.3.0\scala-xml_2.13-2.3.0.jar;C:\Users\Vres\AppData\Local\Coursier\cache\v1\https\repo1.maven.org\maven2\org\virtuslab\scala-cli\scala-cli-bsp\1.7.1\scala-cli-bsp-1.7.1.jar;C:\Users\Vres\AppData\Local\Coursier\cache\v1\https\repo1.maven.org\maven2\ch\epfl\scala\bloop-config_2.13\2.3.2\bloop-config_2.13-2.3.2.jar;C:\Users\Vres\AppData\Local\Coursier\cache\v1\https\repo1.maven.org\maven2\org\scalameta\mtags-shared_2.13.16\1.5.2\mtags-shared_2.13.16-1.5.2.jar;C:\Users\Vres\AppData\Local\Coursier\cache\v1\https\repo1.maven.org\maven2\com\lihaoyi\geny_2.13\1.1.1\geny_2.13-1.1.1.jar;C:\Users\Vres\AppData\Local\Coursier\cache\v1\https\repo1.maven.org\maven2\com\thoughtworks\qdox\qdox\2.2.0\qdox-2.2.0.jar;C:\Users\Vres\AppData\Local\Coursier\cache\v1\https\repo1.maven.org\maven2\org\scala-lang\modules\scala-java8-compat_2.13\1.0.2\scala-java8-compat_2.13-1.0.2.jar;C:\Users\Vres\AppData\Local\Coursier\cache\v1\https\repo1.maven.org\maven2\org\jsoup\jsoup\1.19.1\jsoup-1.19.1.jar;C:\Users\Vres\AppData\Local\Coursier\cache\v1\https\repo1.maven.org\maven2\org\lz4\lz4-java\1.8.0\lz4-java-1.8.0.jar;C:\Users\Vres\AppData\Local\Coursier\cache\v1\https\repo1.maven.org\maven2\com\googlecode\java-diff-utils\diffutils\1.3.0\diffutils-1.3.0.jar;C:\Users\Vres\AppData\Local\Coursier\cache\v1\https\repo1.maven.org\maven2\org\scalameta\semanticdb-scalac-core_2.13.16\4.13.4\semanticdb-scalac-core_2.13.16-4.13.4.jar;C:\Users\Vres\AppData\Local\Coursier\cache\v1\https\repo1.maven.org\maven2\org\scalameta\mtags-interfaces\1.5.2\mtags-interfaces-1.5.2.jar;C:\Users\Vres\AppData\Local\Coursier\cache\v1\https\repo1.maven.org\maven2\com\google\guava\failureaccess\1.0.3\failureaccess-1.0.3.jar;C:\Users\Vres\AppData\Local\Coursier\cache\v1\https\repo1.maven.org\maven2\com\google\guava\listenablefuture\9999.0-empty-to-avoid-conflict-with-guava\listenablefuture-9999.0-empty-to-avoid-conflict-with-guava.jar;C:\Users\Vres\AppData\Local\Coursier\cache\v1\https\repo1.maven.org\maven2\org\jspecify\jspecify\1.0.0\jspecify-1.0.0.jar;C:\Users\Vres\AppData\Local\Coursier\cache\v1\https\repo1.maven.org\maven2\com\google\errorprone\error_prone_annotations\2.36.0\error_prone_annotations-2.36.0.jar;C:\Users\Vres\AppData\Local\Coursier\cache\v1\https\repo1.maven.org\maven2\com\google\j2objc\j2objc-annotations\3.0.0\j2objc-annotations-3.0.0.jar;C:\Users\Vres\AppData\Local\Coursier\cache\v1\https\repo1.maven.org\maven2\org\scalameta\metaconfig-pprint_2.13\0.15.0\metaconfig-pprint_2.13-0.15.0.jar;C:\Users\Vres\AppData\Local\Coursier\cache\v1\https\repo1.maven.org\maven2\org\typelevel\paiges-core_2.13\0.4.4\paiges-core_2.13-0.4.4.jar;C:\Users\Vres\AppData\Local\Coursier\cache\v1\https\repo1.maven.org\maven2\org\scala-lang\modules\scala-collection-compat_2.13\2.13.0\scala-collection-compat_2.13-2.13.0.jar;C:\Users\Vres\AppData\Local\Coursier\cache\v1\https\repo1.maven.org\maven2\org\scala-lang\scala-reflect\2.13.16\scala-reflect-2.13.16.jar;C:\Users\Vres\AppData\Local\Coursier\cache\v1\https\repo1.maven.org\maven2\org\jboss\logging\jboss-logging\3.4.1.Final\jboss-logging-3.4.1.Final.jar;C:\Users\Vres\AppData\Local\Coursier\cache\v1\https\repo1.maven.org\maven2\org\jboss\xnio\xnio-api\3.8.16.Final\xnio-api-3.8.16.Final.jar;C:\Users\Vres\AppData\Local\Coursier\cache\v1\https\repo1.maven.org\maven2\org\jboss\threads\jboss-threads\3.1.0.Final\jboss-threads-3.1.0.Final.jar;C:\Users\Vres\AppData\Local\Coursier\cache\v1\https\repo1.maven.org\maven2\com\fasterxml\jackson\dataformat\jackson-dataformat-toml\2.15.2\jackson-dataformat-toml-2.15.2.jar;C:\Users\Vres\AppData\Local\Coursier\cache\v1\https\repo1.maven.org\maven2\com\fasterxml\jackson\datatype\jackson-datatype-jsr310\2.15.2\jackson-datatype-jsr310-2.15.2.jar;C:\Users\Vres\AppData\Local\Coursier\cache\v1\https\repo1.maven.org\maven2\org\antlr\antlr4-runtime\4.13.2\antlr4-runtime-4.13.2.jar;C:\Users\Vres\AppData\Local\Coursier\cache\v1\https\repo1.maven.org\maven2\net\java\dev\jna\jna\5.12.0\jna-5.12.0.jar;C:\Users\Vres\AppData\Local\Coursier\cache\v1\https\repo1.maven.org\maven2\net\java\dev\jna\jna-platform\5.12.0\jna-platform-5.12.0.jar;C:\Users\Vres\AppData\Local\Coursier\cache\v1\https\repo1.maven.org\maven2\org\eclipse\lsp4j\org.eclipse.lsp4j.generator\0.20.1\org.eclipse.lsp4j.generator-0.20.1.jar;C:\Users\Vres\AppData\Local\Coursier\cache\v1\https\repo1.maven.org\maven2\org\eclipse\lsp4j\org.eclipse.lsp4j.jsonrpc\0.24.0\org.eclipse.lsp4j.jsonrpc-0.24.0.jar;C:\Users\Vres\AppData\Local\Coursier\cache\v1\https\repo1.maven.org\maven2\ch\epfl\scala\libdaemon_2.13\0.0.12\libdaemon_2.13-0.0.12.jar;C:\Users\Vres\AppData\Local\Coursier\cache\v1\https\repo1.maven.org\maven2\io\github\alexarchambault\scala-cli\snailgun\snailgun-core_2.13\0.4.1-sc2\snailgun-core_2.13-0.4.1-sc2.jar;C:\Users\Vres\AppData\Local\Coursier\cache\v1\https\repo1.maven.org\maven2\org\eclipse\lsp4j\org.eclipse.lsp4j.jsonrpc.debug\0.24.0\org.eclipse.lsp4j.jsonrpc.debug-0.24.0.jar;C:\Users\Vres\AppData\Local\Coursier\cache\v1\https\repo1.maven.org\maven2\ch\epfl\scala\com-microsoft-java-debug-core\0.34.0%2B35\com-microsoft-java-debug-core-0.34.0%2B35.jar;C:\Users\Vres\AppData\Local\Coursier\cache\v1\https\repo1.maven.org\maven2\org\ow2\asm\asm\9.7.1\asm-9.7.1.jar;C:\Users\Vres\AppData\Local\Coursier\cache\v1\https\repo1.maven.org\maven2\org\ow2\asm\asm-util\9.7.1\asm-util-9.7.1.jar;C:\Users\Vres\AppData\Local\Coursier\cache\v1\https\repo1.maven.org\maven2\org\scala-sbt\test-agent\1.10.7\test-agent-1.10.7.jar;C:\Users\Vres\AppData\Local\Coursier\cache\v1\https\repo1.maven.org\maven2\org\scalameta\parsers_2.13\4.13.4\parsers_2.13-4.13.4.jar;C:\Users\Vres\AppData\Local\Coursier\cache\v1\https\repo1.maven.org\maven2\org\scala-lang\modules\scala-parallel-collections_2.13\1.2.0\scala-parallel-collections_2.13-1.2.0.jar;C:\Users\Vres\AppData\Local\Coursier\cache\v1\https\repo1.maven.org\maven2\org\scalameta\scalafmt-interfaces\3.7.15\scalafmt-interfaces-3.7.15.jar;C:\Users\Vres\AppData\Local\Coursier\cache\v1\https\repo1.maven.org\maven2\com\typesafe\config\1.4.2\config-1.4.2.jar;C:\Users\Vres\AppData\Local\Coursier\cache\v1\https\repo1.maven.org\maven2\org\slf4j\slf4j-api\2.0.16\slf4j-api-2.0.16.jar;C:\Users\Vres\AppData\Local\Coursier\cache\v1\https\repo1.maven.org\maven2\io\get-coursier\dependency_2.13\0.3.2\dependency_2.13-0.3.2.jar;C:\Users\Vres\AppData\Local\Coursier\cache\v1\https\repo1.maven.org\maven2\com\github\plokhotnyuk\jsoniter-scala\jsoniter-scala-core_2.13\2.13.5.2\jsoniter-scala-core_2.13-2.13.5.2.jar;C:\Users\Vres\AppData\Local\Coursier\cache\v1\https\repo1.maven.org\maven2\io\get-coursier\coursier-core_2.13\2.1.24\coursier-core_2.13-2.1.24.jar;C:\Users\Vres\AppData\Local\Coursier\cache\v1\https\repo1.maven.org\maven2\io\get-coursier\coursier-cache_2.13\2.1.24\coursier-cache_2.13-2.1.24.jar;C:\Users\Vres\AppData\Local\Coursier\cache\v1\https\repo1.maven.org\maven2\io\get-coursier\coursier-proxy-setup\2.1.24\coursier-proxy-setup-2.1.24.jar;C:\Users\Vres\AppData\Local\Coursier\cache\v1\https\repo1.maven.org\maven2\com\outr\perfolation_2.13\1.2.11\perfolation_2.13-1.2.11.jar;C:\Users\Vres\AppData\Local\Coursier\cache\v1\https\repo1.maven.org\maven2\com\lihaoyi\sourcecode_2.13\0.4.2\sourcecode_2.13-0.4.2.jar;C:\Users\Vres\AppData\Local\Coursier\cache\v1\https\repo1.maven.org\maven2\com\outr\moduload_2.13\1.1.7\moduload_2.13-1.1.7.jar;C:\Users\Vres\AppData\Local\Coursier\cache\v1\https\repo1.maven.org\maven2\com\lihaoyi\upickle-core_2.13\4.1.0\upickle-core_2.13-4.1.0.jar;C:\Users\Vres\AppData\Local\Coursier\cache\v1\https\repo1.maven.org\maven2\org\scala-lang\scalap\2.13.13\scalap-2.13.13.jar;C:\Users\Vres\AppData\Local\Coursier\cache\v1\https\repo1.maven.org\maven2\com\thesamet\scalapb\scalapb-runtime_2.13\0.11.15\scalapb-runtime_2.13-0.11.15.jar;C:\Users\Vres\AppData\Local\Coursier\cache\v1\https\repo1.maven.org\maven2\com\lihaoyi\unroll-annotation_2.13\0.1.12\unroll-annotation_2.13-0.1.12.jar;C:\Users\Vres\AppData\Local\Coursier\cache\v1\https\repo1.maven.org\maven2\com\google\protobuf\protobuf-java\4.30.1\protobuf-java-4.30.1.jar;C:\Users\Vres\AppData\Local\Coursier\cache\v1\https\repo1.maven.org\maven2\org\scala-lang\scala-compiler\2.13.16\scala-compiler-2.13.16.jar;C:\Users\Vres\AppData\Local\Coursier\cache\v1\https\repo1.maven.org\maven2\org\scalameta\io_2.13\4.13.4\io_2.13-4.13.4.jar;C:\Users\Vres\AppData\Local\Coursier\cache\v1\https\repo1.maven.org\maven2\com\lihaoyi\fansi_2.13\0.5.0\fansi_2.13-0.5.0.jar;C:\Users\Vres\AppData\Local\Coursier\cache\v1\https\repo1.maven.org\maven2\org\wildfly\common\wildfly-common\1.5.4.Final\wildfly-common-1.5.4.Final.jar;C:\Users\Vres\AppData\Local\Coursier\cache\v1\https\repo1.maven.org\maven2\org\wildfly\client\wildfly-client-config\1.0.1.Final\wildfly-client-config-1.0.1.Final.jar;C:\Users\Vres\AppData\Local\Coursier\cache\v1\https\repo1.maven.org\maven2\com\fasterxml\jackson\core\jackson-databind\2.15.2\jackson-databind-2.15.2.jar;C:\Users\Vres\AppData\Local\Coursier\cache\v1\https\repo1.maven.org\maven2\com\fasterxml\jackson\core\jackson-core\2.15.2\jackson-core-2.15.2.jar;C:\Users\Vres\AppData\Local\Coursier\cache\v1\https\repo1.maven.org\maven2\com\fasterxml\jackson\core\jackson-annotations\2.15.2\jackson-annotations-2.15.2.jar;C:\Users\Vres\AppData\Local\Coursier\cache\v1\https\repo1.maven.org\maven2\org\eclipse\xtend\org.eclipse.xtend.lib\2.28.0\org.eclipse.xtend.lib-2.28.0.jar;C:\Users\Vres\AppData\Local\Coursier\cache\v1\https\repo1.maven.org\maven2\com\google\code\gson\gson\2.12.1\gson-2.12.1.jar;C:\Users\Vres\AppData\Local\Coursier\cache\v1\https\repo1.maven.org\maven2\org\apache\commons\commons-lang3\3.17.0\commons-lang3-3.17.0.jar;C:\Users\Vres\AppData\Local\Coursier\cache\v1\https\repo1.maven.org\maven2\io\reactivex\rxjava2\rxjava\2.2.21\rxjava-2.2.21.jar;C:\Users\Vres\AppData\Local\Coursier\cache\v1\https\repo1.maven.org\maven2\org\reactivestreams\reactive-streams\1.0.4\reactive-streams-1.0.4.jar;C:\Users\Vres\AppData\Local\Coursier\cache\v1\https\repo1.maven.org\maven2\commons-io\commons-io\2.18.0\commons-io-2.18.0.jar;C:\Users\Vres\AppData\Local\Coursier\cache\v1\https\repo1.maven.org\maven2\org\ow2\asm\asm-tree\9.7.1\asm-tree-9.7.1.jar;C:\Users\Vres\AppData\Local\Coursier\cache\v1\https\repo1.maven.org\maven2\org\ow2\asm\asm-analysis\9.7.1\asm-analysis-9.7.1.jar;C:\Users\Vres\AppData\Local\Coursier\cache\v1\https\repo1.maven.org\maven2\org\scala-sbt\test-interface\1.0\test-interface-1.0.jar;C:\Users\Vres\AppData\Local\Coursier\cache\v1\https\repo1.maven.org\maven2\org\scalameta\trees_2.13\4.13.4\trees_2.13-4.13.4.jar;C:\Users\Vres\AppData\Local\Coursier\cache\v1\https\repo1.maven.org\maven2\io\github\alexarchambault\concurrent-reference-hash-map\1.1.0\concurrent-reference-hash-map-1.1.0.jar;C:\Users\Vres\AppData\Local\Coursier\cache\v1\https\repo1.maven.org\maven2\io\get-coursier\coursier-util_2.13\2.1.24\coursier-util_2.13-2.1.24.jar;C:\Users\Vres\AppData\Local\Coursier\cache\v1\https\repo1.maven.org\maven2\io\github\alexarchambault\is-terminal\0.1.1\is-terminal-0.1.1.jar;C:\Users\Vres\AppData\Local\Coursier\cache\v1\https\repo1.maven.org\maven2\io\get-coursier\jniutils\windows-jni-utils\0.3.3\windows-jni-utils-0.3.3.jar;C:\Users\Vres\AppData\Local\Coursier\cache\v1\https\repo1.maven.org\maven2\org\codehaus\plexus\plexus-archiver\4.10.0\plexus-archiver-4.10.0.jar;C:\Users\Vres\AppData\Local\Coursier\cache\v1\https\repo1.maven.org\maven2\org\codehaus\plexus\plexus-container-default\2.1.1\plexus-container-default-2.1.1.jar;C:\Users\Vres\AppData\Local\Coursier\cache\v1\https\repo1.maven.org\maven2\org\virtuslab\scala-cli\config_2.13\1.1.3\config_2.13-1.1.3.jar;C:\Users\Vres\AppData\Local\Coursier\cache\v1\https\repo1.maven.org\maven2\io\github\alexarchambault\windows-ansi\windows-ansi\0.0.6\windows-ansi-0.0.6.jar;C:\Users\Vres\AppData\Local\Coursier\cache\v1\https\repo1.maven.org\maven2\io\get-coursier\cache-util\2.1.24\cache-util-2.1.24.jar;C:\Users\Vres\AppData\Local\Coursier\cache\v1\https\repo1.maven.org\maven2\com\thesamet\scalapb\lenses_2.13\0.11.15\lenses_2.13-0.11.15.jar;C:\Users\Vres\AppData\Local\Coursier\cache\v1\https\repo1.maven.org\maven2\io\github\java-diff-utils\java-diff-utils\4.15\java-diff-utils-4.15.jar;C:\Users\Vres\AppData\Local\Coursier\cache\v1\https\repo1.maven.org\maven2\org\jline\jline\3.27.1\jline-3.27.1-jdk8.jar;C:\Users\Vres\AppData\Local\Coursier\cache\v1\https\repo1.maven.org\maven2\org\eclipse\xtext\org.eclipse.xtext.xbase.lib\2.28.0\org.eclipse.xtext.xbase.lib-2.28.0.jar;C:\Users\Vres\AppData\Local\Coursier\cache\v1\https\repo1.maven.org\maven2\org\eclipse\xtend\org.eclipse.xtend.lib.macro\2.28.0\org.eclipse.xtend.lib.macro-2.28.0.jar;C:\Users\Vres\AppData\Local\Coursier\cache\v1\https\repo1.maven.org\maven2\org\scalameta\common_2.13\4.13.4\common_2.13-4.13.4.jar;C:\Users\Vres\AppData\Local\Coursier\cache\v1\https\repo1.maven.org\maven2\javax\inject\javax.inject\1\javax.inject-1.jar;C:\Users\Vres\AppData\Local\Coursier\cache\v1\https\repo1.maven.org\maven2\org\codehaus\plexus\plexus-utils\4.0.1\plexus-utils-4.0.1.jar;C:\Users\Vres\AppData\Local\Coursier\cache\v1\https\repo1.maven.org\maven2\org\codehaus\plexus\plexus-io\3.5.0\plexus-io-3.5.0.jar;C:\Users\Vres\AppData\Local\Coursier\cache\v1\https\repo1.maven.org\maven2\org\apache\commons\commons-compress\1.26.2\commons-compress-1.26.2.jar;C:\Users\Vres\AppData\Local\Coursier\cache\v1\https\repo1.maven.org\maven2\io\airlift\aircompressor\0.27\aircompressor-0.27.jar;C:\Users\Vres\AppData\Local\Coursier\cache\v1\https\repo1.maven.org\maven2\org\tukaani\xz\1.9\xz-1.9.jar;C:\Users\Vres\AppData\Local\Coursier\cache\v1\https\repo1.maven.org\maven2\com\github\luben\zstd-jni\1.5.6-3\zstd-jni-1.5.6-3.jar;C:\Users\Vres\AppData\Local\Coursier\cache\v1\https\repo1.maven.org\maven2\org\codehaus\plexus\plexus-classworlds\2.6.0\plexus-classworlds-2.6.0.jar;C:\Users\Vres\AppData\Local\Coursier\cache\v1\https\repo1.maven.org\maven2\org\apache\xbean\xbean-reflect\3.7\xbean-reflect-3.7.jar;C:\Users\Vres\AppData\Local\Coursier\cache\v1\https\repo1.maven.org\maven2\org\virtuslab\scala-cli\specification-level_2.13\1.1.3\specification-level_2.13-1.1.3.jar;C:\Users\Vres\AppData\Local\Coursier\cache\v1\https\repo1.maven.org\maven2\org\fusesource\jansi\jansi\2.4.1\jansi-2.4.1.jar;C:\Users\Vres\AppData\Local\Coursier\cache\v1\https\repo1.maven.org\maven2\commons-codec\commons-codec\1.17.0\commons-codec-1.17.0.jar
Launcher Type: SUN_STANDARD

[Global flags]
     intx CICompilerCount                          = 4                                         {product} {ergonomic}
     bool IgnoreUnrecognizedVMOptions              = true                                      {product} {command line}
   size_t InitialHeapSize                          = 104857600                                 {product} {command line}
   size_t MaxHeapSize                              = 2147483648                                {product} {command line}
   size_t MinHeapDeltaBytes                        = 2097152                                   {product} {ergonomic}
   size_t MinHeapSize                              = 104857600                                 {product} {command line}
    uintx NonNMethodCodeHeapSize                   = 5839372                                {pd product} {ergonomic}
    uintx NonProfiledCodeHeapSize                  = 122909434                              {pd product} {ergonomic}
    uintx ProfiledCodeHeapSize                     = 122909434                              {pd product} {ergonomic}
    uintx ReservedCodeCacheSize                    = 251658240                              {pd product} {ergonomic}
     bool SegmentedCodeCache                       = true                                      {product} {ergonomic}
   size_t SoftMaxHeapSize                          = 2147483648                             {manageable} {ergonomic}
     intx ThreadStackSize                          = 4096                                   {pd product} {command line}
     bool UseCompressedOops                        = false                          {product lp64_product} {ergonomic}
     bool UseLargePagesIndividualAllocation        = false                                  {pd product} {ergonomic}
     bool UseZGC                                   = true                                      {product} {command line}
   double ZCollectionInterval                      = 5.000000                                  {product} {command line}
    uintx ZUncommitDelay                           = 30                                        {product} {command line}

Logging:
Log output configuration:
 #0: stdout all=warning uptime,level,tags foldmultilines=false
 #1: stderr all=off uptime,level,tags foldmultilines=false

Environment Variables:
JAVA_HOME=C:\Program Files\Java\jdk-21
PATH=C:\Program Files\Common Files\Oracle\Java\javapath;C:\WINDOWS\system32;C:\WINDOWS;C:\WINDOWS\System32\Wbem;C:\WINDOWS\System32\WindowsPowerShell\v1.0\;C:\WINDOWS\System32\OpenSSH\;C:\Program Files\dotnet\;C:\Android;C:\Windows\System32;C:\Program Files\Microsoft VS Code\bin;C:\Program Files\Git\cmd;C:\Program Files\Docker\Docker\resources\bin;C:\ProgramData\chocolatey\bin;C:\Program Files\nodejs\;C:\Program Files\PostgreSQL\16\bin;C:\xampp\php;C:\composer;C:\Program Files (x86)\sbt\bin;C:\Users\Vres\AppData\Local\Programs\Python\Python311\Scripts\;C:\Users\Vres\AppData\Local\Programs\Python\Python311\;C:\Users\Vres\AppData\Local\Microsoft\WindowsApps;C:\sqlite3;C:\Program Files\heroku\bin;C:\Users\Vres\Documents\apache-maven-3.9.1-bin\apache-maven-3.9.1\bin;C:\Users\Vres\AppData\Roaming\npm;c:\users\vres\.local\bin;c:\users\vres\appdata\roaming\python\python311\scripts;C:\Users\Vres\AppData\Roaming\Composer\vendor\bin
USERNAME=Vres
OS=Windows_NT
PROCESSOR_IDENTIFIER=Intel64 Family 6 Model 165 Stepping 2, GenuineIntel
TMP=C:\Users\Vres\AppData\Local\Temp
TEMP=C:\Users\Vres\AppData\Local\Temp




Periodic native trim disabled

---------------  S Y S T E M  ---------------

OS:
 Windows 11 , 64 bit Build 26100 (10.0.26100.3323)
OS uptime: 0 days 18:15 hours
Hyper-V role detected

CPU: total 12 (initial active 12) (6 cores per cpu, 2 threads per core) family 6 model 165 stepping 2 microcode 0xfc, cx8, cmov, fxsr, ht, mmx, 3dnowpref, sse, sse2, sse3, ssse3, sse4.1, sse4.2, popcnt, lzcnt, tsc, tscinvbit, avx, avx2, aes, erms, clmul, bmi1, bmi2, adx, fma, vzeroupper, clflush, clflushopt, hv, rdtscp, f16c
Processor Information for all 12 processors :
  Max Mhz: 2592, Current Mhz: 2592, Mhz Limit: 2592

Memory: 4k page, system-wide physical 16092M (3406M free)
TotalPageFile size 20188M (AvailPageFile size 33M)
current process WorkingSet (physical memory assigned to process): 1141M, peak: 1170M
current process commit charge ("private bytes"): 375M, peak: 405M

vm_info: Java HotSpot(TM) 64-Bit Server VM (21.0.5+9-LTS-239) for windows-amd64 JRE (21.0.5+9-LTS-239), built on 2024-09-30T05:17:38Z by "mach5one" with MS VC++ 17.6 (VS2022)

END.
